kotlin version: 2.1.0
error message: org.jetbrains.kotlin.util.FileAnalysisException: While analysing /Users/apple/Desktop/opensam/backend/src/main/kotlin/com/opensam/command/general/하야.kt:52:16: org.jetbrains.kotlin.utils.exceptions.KotlinIllegalArgumentExceptionWithAttachments: Exception was thrown during transformation of class org.jetbrains.kotlin.fir.expressions.impl.FirFunctionCallImpl
	at org.jetbrains.kotlin.util.AnalysisExceptionsKt.wrapIntoFileAnalysisExceptionIfNeeded(AnalysisExceptions.kt:57)
	at org.jetbrains.kotlin.fir.FirCliExceptionHandler.handleExceptionOnFileAnalysis(Utils.kt:249)
	at org.jetbrains.kotlin.fir.backend.Fir2IrConverter.runSourcesConversion(Fir2IrConverter.kt:677)
	at org.jetbrains.kotlin.fir.backend.Fir2IrConverter.access$runSourcesConversion(Fir2IrConverter.kt:64)
	at org.jetbrains.kotlin.fir.backend.Fir2IrConverter$Companion.generateIrModuleFragment(Fir2IrConverter.kt:667)
	at org.jetbrains.kotlin.fir.pipeline.Fir2IrPipeline.runFir2IrConversion(convertToIr.kt:162)
	at org.jetbrains.kotlin.fir.pipeline.Fir2IrPipeline.convertToIrAndActualize(convertToIr.kt:129)
	at org.jetbrains.kotlin.fir.pipeline.ConvertToIrKt.convertToIrAndActualize(convertToIr.kt:100)
	at org.jetbrains.kotlin.fir.pipeline.ConvertToIrKt.convertToIrAndActualize$default(convertToIr.kt:75)
	at org.jetbrains.kotlin.cli.jvm.compiler.pipeline.JvmCompilerPipelineKt.convertToIrAndActualizeForJvm(jvmCompilerPipeline.kt:134)
	at org.jetbrains.kotlin.cli.jvm.compiler.pipeline.JvmCompilerPipelineKt.convertAnalyzedFirToIr(jvmCompilerPipeline.kt:107)
	at org.jetbrains.kotlin.cli.jvm.compiler.pipeline.JvmCompilerPipelineKt.runBackend(jvmCompilerPipeline.kt:73)
	at org.jetbrains.kotlin.cli.jvm.compiler.pipeline.JvmCompilerPipelineLightTreeKt.compileModule(jvmCompilerPipelineLightTree.kt:264)
	at org.jetbrains.kotlin.cli.jvm.compiler.pipeline.JvmCompilerPipelineLightTreeKt.compileSingleModuleUsingFrontendIrAndLightTree(jvmCompilerPipelineLightTree.kt:231)
	at org.jetbrains.kotlin.cli.jvm.compiler.pipeline.JvmCompilerPipelineLightTreeKt.compileModulesUsingFrontendIrAndLightTree(jvmCompilerPipelineLightTree.kt:86)
	at org.jetbrains.kotlin.cli.jvm.K2JVMCompiler.doExecute(K2JVMCompiler.kt:146)
	at org.jetbrains.kotlin.cli.jvm.K2JVMCompiler.doExecute(K2JVMCompiler.kt:43)
	at org.jetbrains.kotlin.cli.common.CLICompiler.execImpl(CLICompiler.kt:102)
	at org.jetbrains.kotlin.cli.common.CLICompiler.exec(CLICompiler.kt:316)
	at org.jetbrains.kotlin.incremental.IncrementalJvmCompilerRunner.runCompiler(IncrementalJvmCompilerRunner.kt:464)
	at org.jetbrains.kotlin.incremental.IncrementalJvmCompilerRunner.runCompiler(IncrementalJvmCompilerRunner.kt:73)
	at org.jetbrains.kotlin.incremental.IncrementalCompilerRunner.doCompile(IncrementalCompilerRunner.kt:506)
	at org.jetbrains.kotlin.incremental.IncrementalCompilerRunner.compileImpl(IncrementalCompilerRunner.kt:423)
	at org.jetbrains.kotlin.incremental.IncrementalCompilerRunner.compileNonIncrementally(IncrementalCompilerRunner.kt:301)
	at org.jetbrains.kotlin.incremental.IncrementalCompilerRunner.compile(IncrementalCompilerRunner.kt:129)
	at org.jetbrains.kotlin.daemon.CompileServiceImplBase.execIncrementalCompiler(CompileServiceImpl.kt:674)
	at org.jetbrains.kotlin.daemon.CompileServiceImplBase.access$execIncrementalCompiler(CompileServiceImpl.kt:91)
	at org.jetbrains.kotlin.daemon.CompileServiceImpl.compile(CompileServiceImpl.kt:1659)
	at jdk.internal.reflect.GeneratedMethodAccessor11.invoke(Unknown Source)
	at java.base/jdk.internal.reflect.DelegatingMethodAccessorImpl.invoke(DelegatingMethodAccessorImpl.java:43)
	at java.base/java.lang.reflect.Method.invoke(Method.java:569)
	at java.rmi/sun.rmi.server.UnicastServerRef.dispatch(UnicastServerRef.java:360)
	at java.rmi/sun.rmi.transport.Transport$1.run(Transport.java:200)
	at java.rmi/sun.rmi.transport.Transport$1.run(Transport.java:197)
	at java.base/java.security.AccessController.doPrivileged(AccessController.java:712)
	at java.rmi/sun.rmi.transport.Transport.serviceCall(Transport.java:196)
	at java.rmi/sun.rmi.transport.tcp.TCPTransport.handleMessages(TCPTransport.java:587)
	at java.rmi/sun.rmi.transport.tcp.TCPTransport$ConnectionHandler.run0(TCPTransport.java:828)
	at java.rmi/sun.rmi.transport.tcp.TCPTransport$ConnectionHandler.lambda$run$0(TCPTransport.java:705)
	at java.base/java.security.AccessController.doPrivileged(AccessController.java:399)
	at java.rmi/sun.rmi.transport.tcp.TCPTransport$ConnectionHandler.run(TCPTransport.java:704)
	at java.base/java.util.concurrent.ThreadPoolExecutor.runWorker(ThreadPoolExecutor.java:1136)
	at java.base/java.util.concurrent.ThreadPoolExecutor$Worker.run(ThreadPoolExecutor.java:635)
	at java.base/java.lang.Thread.run(Thread.java:840)
Caused by: org.jetbrains.kotlin.utils.exceptions.KotlinIllegalArgumentExceptionWithAttachments: Exception was thrown during transformation of class org.jetbrains.kotlin.fir.expressions.impl.FirFunctionCallImpl
	at org.jetbrains.kotlin.fir.backend.generators.CallAndReferenceGenerator.convertToIrCall(CallAndReferenceGenerator.kt:1552)
	at org.jetbrains.kotlin.fir.backend.generators.CallAndReferenceGenerator.convertToIrCall$default(CallAndReferenceGenerator.kt:479)
	at org.jetbrains.kotlin.fir.backend.Fir2IrVisitor.convertToIrCall(Fir2IrVisitor.kt:590)
	at org.jetbrains.kotlin.fir.backend.Fir2IrVisitor.convertToIrCall(Fir2IrVisitor.kt:579)
	at org.jetbrains.kotlin.fir.backend.Fir2IrVisitor.visitFunctionCall(Fir2IrVisitor.kt:619)
	at org.jetbrains.kotlin.fir.backend.Fir2IrVisitor.visitFunctionCall(Fir2IrVisitor.kt:65)
	at org.jetbrains.kotlin.fir.expressions.FirFunctionCall.accept(FirFunctionCall.kt:41)
	at org.jetbrains.kotlin.fir.backend.Fir2IrVisitor.convertToIrExpression$fir2ir(Fir2IrVisitor.kt:931)
	at org.jetbrains.kotlin.fir.backend.Fir2IrVisitor.convertToIrExpression$fir2ir$default(Fir2IrVisitor.kt:902)
	at org.jetbrains.kotlin.fir.backend.Fir2IrVisitor.visitReturnExpression(Fir2IrVisitor.kt:532)
	at org.jetbrains.kotlin.fir.backend.Fir2IrVisitor.visitReturnExpression(Fir2IrVisitor.kt:65)
	at org.jetbrains.kotlin.fir.expressions.FirReturnExpression.accept(FirReturnExpression.kt:31)
	at org.jetbrains.kotlin.fir.backend.Fir2IrVisitor.toIrStatement(Fir2IrVisitor.kt:899)
	at org.jetbrains.kotlin.fir.backend.Fir2IrVisitor.mapToIrStatements(Fir2IrVisitor.kt:996)
	at org.jetbrains.kotlin.fir.backend.Fir2IrVisitor.mapToIrStatements$default(Fir2IrVisitor.kt:975)
	at org.jetbrains.kotlin.fir.backend.Fir2IrVisitor.convertToIrBlockBody$fir2ir(Fir2IrVisitor.kt:1014)
	at org.jetbrains.kotlin.fir.backend.generators.ClassMemberGenerator.convertBody(ClassMemberGenerator.kt:221)
	at org.jetbrains.kotlin.fir.backend.generators.ClassMemberGenerator.convertFunctionContent(ClassMemberGenerator.kt:198)
	at org.jetbrains.kotlin.fir.backend.Fir2IrVisitor.visitSimpleFunction(Fir2IrVisitor.kt:421)
	at org.jetbrains.kotlin.fir.backend.Fir2IrVisitor.visitSimpleFunction(Fir2IrVisitor.kt:65)
	at org.jetbrains.kotlin.fir.declarations.FirSimpleFunction.accept(FirSimpleFunction.kt:51)
	at org.jetbrains.kotlin.fir.backend.generators.ClassMemberGenerator.convertClassContent(ClassMemberGenerator.kt:91)
	at org.jetbrains.kotlin.fir.backend.Fir2IrVisitor.visitRegularClass(Fir2IrVisitor.kt:209)
	at org.jetbrains.kotlin.fir.backend.Fir2IrVisitor.visitRegularClass(Fir2IrVisitor.kt:65)
	at org.jetbrains.kotlin.fir.declarations.FirRegularClass.accept(FirRegularClass.kt:48)
	at org.jetbrains.kotlin.fir.backend.Fir2IrVisitor.toIrDeclaration(Fir2IrVisitor.kt:118)
	at org.jetbrains.kotlin.fir.backend.Fir2IrVisitor.visitFile(Fir2IrVisitor.kt:109)
	at org.jetbrains.kotlin.fir.backend.Fir2IrVisitor.visitFile(Fir2IrVisitor.kt:65)
	at org.jetbrains.kotlin.fir.declarations.FirFile.accept(FirFile.kt:42)
	at org.jetbrains.kotlin.fir.backend.Fir2IrConverter.runSourcesConversion(Fir2IrConverter.kt:100)
	... 41 more
Caused by: java.lang.OutOfMemoryError: GC overhead limit exceeded
	at org.jetbrains.kotlin.fir.backend.generators.AnnotationGenerator.toIrAnnotations(AnnotationGenerator.kt:52)
	at org.jetbrains.kotlin.fir.backend.Fir2IrTypeConverter.toIrType(Fir2IrTypeConverter.kt:116)
	at org.jetbrains.kotlin.fir.backend.Fir2IrTypeConverter.toIrType$default(Fir2IrTypeConverter.kt:99)
	at org.jetbrains.kotlin.fir.backend.Fir2IrTypeConverterKt.toIrType(Fir2IrTypeConverter.kt:382)
	at org.jetbrains.kotlin.fir.backend.Fir2IrTypeConverterKt.toIrType$default(Fir2IrTypeConverter.kt:380)
	at org.jetbrains.kotlin.fir.backend.Fir2IrVisitor.visitLiteralExpression(Fir2IrVisitor.kt:886)
	at org.jetbrains.kotlin.fir.backend.Fir2IrVisitor.visitLiteralExpression(Fir2IrVisitor.kt:65)
	at org.jetbrains.kotlin.fir.expressions.FirLiteralExpression.accept(FirLiteralExpression.kt:31)
	at org.jetbrains.kotlin.fir.backend.Fir2IrVisitor.convertToIrExpression$fir2ir(Fir2IrVisitor.kt:931)
	at org.jetbrains.kotlin.fir.backend.Fir2IrVisitor.convertToIrExpression$fir2ir$default(Fir2IrVisitor.kt:902)
	at org.jetbrains.kotlin.fir.backend.Fir2IrVisitor.visitStringConcatenationCall(Fir2IrVisitor.kt:1564)
	at org.jetbrains.kotlin.fir.backend.Fir2IrVisitor.visitStringConcatenationCall(Fir2IrVisitor.kt:65)
	at org.jetbrains.kotlin.fir.expressions.FirStringConcatenationCall.accept(FirStringConcatenationCall.kt:29)
	at org.jetbrains.kotlin.fir.backend.Fir2IrVisitor.convertToIrExpression$fir2ir(Fir2IrVisitor.kt:931)
	at org.jetbrains.kotlin.fir.backend.Fir2IrVisitor.convertToIrExpression$fir2ir$default(Fir2IrVisitor.kt:902)
	at org.jetbrains.kotlin.fir.backend.generators.CallAndReferenceGenerator.convertArgument(CallAndReferenceGenerator.kt:1209)
	at org.jetbrains.kotlin.fir.backend.generators.CallAndReferenceGenerator.convertArguments(CallAndReferenceGenerator.kt:1179)
	at org.jetbrains.kotlin.fir.backend.generators.CallAndReferenceGenerator.applyArgumentsWithReorderingIfNeeded(CallAndReferenceGenerator.kt:1122)
	at org.jetbrains.kotlin.fir.backend.generators.CallAndReferenceGenerator.applyCallArguments$fir2ir(CallAndReferenceGenerator.kt:1050)
	at org.jetbrains.kotlin.fir.backend.generators.CallAndReferenceGenerator.convertToIrCall(CallAndReferenceGenerator.kt:669)
	at org.jetbrains.kotlin.fir.backend.generators.CallAndReferenceGenerator.convertToIrCall$default(CallAndReferenceGenerator.kt:479)
	at org.jetbrains.kotlin.fir.backend.Fir2IrVisitor.convertToIrCall(Fir2IrVisitor.kt:590)
	at org.jetbrains.kotlin.fir.backend.Fir2IrVisitor.convertToIrCall(Fir2IrVisitor.kt:579)
	at org.jetbrains.kotlin.fir.backend.Fir2IrVisitor.visitFunctionCall(Fir2IrVisitor.kt:619)
	at org.jetbrains.kotlin.fir.backend.Fir2IrVisitor.visitFunctionCall(Fir2IrVisitor.kt:65)
	at org.jetbrains.kotlin.fir.expressions.FirFunctionCall.accept(FirFunctionCall.kt:41)
	at org.jetbrains.kotlin.fir.backend.Fir2IrVisitor.convertToIrExpression$fir2ir(Fir2IrVisitor.kt:931)
	at org.jetbrains.kotlin.fir.backend.Fir2IrVisitor.convertToIrExpression$fir2ir$default(Fir2IrVisitor.kt:902)
	at org.jetbrains.kotlin.fir.backend.Fir2IrVisitor.visitReturnExpression(Fir2IrVisitor.kt:532)
	at org.jetbrains.kotlin.fir.backend.Fir2IrVisitor.visitReturnExpression(Fir2IrVisitor.kt:65)
	at org.jetbrains.kotlin.fir.expressions.FirReturnExpression.accept(FirReturnExpression.kt:31)
	at org.jetbrains.kotlin.fir.backend.Fir2IrVisitor.toIrStatement(Fir2IrVisitor.kt:899)


