kotlin version: 2.1.0
error message: org.jetbrains.kotlin.codegen.CompilationException: Back-end (JVM) Internal error: Couldn't transform method node:
buildGeneralPolicy (Ljava/util/Map;)Lcom/opensam/engine/ai/NpcGeneralPolicy;:
    // parameter  nationMeta
  @Lorg/jetbrains/annotations/NotNull;() // invisible
    // annotable parameter count: 1 (visible)
    // annotable parameter count: 1 (invisible)
    @Lorg/jetbrains/annotations/NotNull;() // invisible, parameter 0
   L0
    ALOAD 1
    LDC "nationMeta"
    INVOKESTATIC kotlin/jvm/internal/Intrinsics.checkNotNullParameter (Ljava/lang/Object;Ljava/lang/String;)V
   L1
    LINENUMBER 86 L1
    ALOAD 1
    LDC "npcGeneralPolicy"
    INVOKEINTERFACE java/util/Map.get (Ljava/lang/Object;)Ljava/lang/Object; (itf)
    ASTORE 4
   L2
    ALOAD 4
    INSTANCEOF java/util/Map
    IFEQ L3
    ALOAD 4
    CHECKCAST java/util/Map
    GOTO L4
   L3
    ACONST_NULL
   L4
    ASTORE 3
   L5
    ALOAD 3
    IFNULL L6
    ALOAD 3
    GOTO L7
   L6
    NOP
    NEW com/opensam/engine/ai/NpcGeneralPolicy
    DUP
    ACONST_NULL
    NOP
    ICONST_0
    NOP
    ICONST_0
    NOP
    ICONST_0
    NOP
    ICONST_0
    NOP
    ICONST_0
    NOP
    ICONST_0
    NOP
    ICONST_0
    NOP
    ICONST_0
    NOP
    ICONST_0
    NOP
    ICONST_0
    NOP
    ICONST_0
    NOP
    ICONST_0
    NOP
    ICONST_0
    NOP
    ICONST_0
    NOP
    ICONST_0
    NOP
    ICONST_0
    NOP
    ICONST_0
    NOP
    ICONST_0
    NOP
    ICONST_0
    ICONST_0
    ICONST_0
    LDC 4194303
    ACONST_NULL
    INVOKESPECIAL com/opensam/engine/ai/NpcGeneralPolicy.<init> (Ljava/util/List;ZZZZZZZZZZZZZZZZZZZIIILkotlin/jvm/internal/DefaultConstructorMarker;)V
    ARETURN
   L8
   L7
    ASTORE 2
   L9
    LINENUMBER 87 L9
   L10
    LINENUMBER 88 L10
    NOP
   L11
    ALOAD 2
    LDC "priority"
    INVOKEINTERFACE java/util/Map.get (Ljava/lang/Object;)Ljava/lang/Object; (itf)
    NOP
    GOTO L12
   L12
    LINENUMBER 88 L12
    ASTORE 4
   L13
    ALOAD 4
    INSTANCEOF java/util/List
    IFEQ L14
    ALOAD 4
    CHECKCAST java/util/List
    GOTO L15
   L14
    ACONST_NULL
   L15
    ASTORE 3
   L16
    ALOAD 3
    IFNULL L17
    ALOAD 3
    CHECKCAST java/lang/Iterable
    ASTORE 5
    NOP
   L18
    ICONST_0
    ISTORE 6
   L19
    LINENUMBER 110 L19
    ALOAD 5
    ASTORE 7
    NEW java/util/ArrayList
    DUP
    INVOKESPECIAL java/util/ArrayList.<init> ()V
    CHECKCAST java/util/Collection
    ASTORE 8
   L20
    ICONST_0
    ISTORE 9
   L21
    LINENUMBER 119 L21
    ALOAD 7
    INVOKEINTERFACE java/lang/Iterable.iterator ()Ljava/util/Iterator; (itf)
    ASTORE 10
   L22
    ALOAD 10
    INVOKEINTERFACE java/util/Iterator.hasNext ()Z (itf)
    IFEQ L23
    ALOAD 10
    INVOKEINTERFACE java/util/Iterator.next ()Ljava/lang/Object; (itf)
    ASTORE 11
   L24
    ALOAD 11
    INSTANCEOF java/lang/String
    IFEQ L22
    ALOAD 8
    ALOAD 11
    INVOKEINTERFACE java/util/Collection.add (Ljava/lang/Object;)Z (itf)
    POP
   L25
    GOTO L22
   L23
    LINENUMBER 120 L23
    ALOAD 8
   L26
    CHECKCAST java/util/List
   L27
    LINENUMBER 110 L27
    NOP
    GOTO L28
   L28
    ASTORE 14
    ALOAD 14
   L29
    LINENUMBER 88 L29
    ASTORE 4
   L30
    ALOAD 4
    GOTO L31
   L17
    NOP
   L32
    LINENUMBER 89 L32
    GETSTATIC com/opensam/engine/ai/NpcGeneralPolicy.Companion : Lcom/opensam/engine/ai/NpcGeneralPolicy$Companion;
    INVOKEVIRTUAL com/opensam/engine/ai/NpcGeneralPolicy$Companion.getDEFAULT_GENERAL_PRIORITY ()Ljava/util/List;
   L31
    LINENUMBER 87 L31
    NOP
    ICONST_0
    NOP
    ICONST_0
    NOP
    ICONST_0
    NOP
    ICONST_0
    NOP
    ICONST_0
    NOP
    ICONST_0
    NOP
    ICONST_0
    NOP
    ICONST_0
    NOP
    ICONST_0
    NOP
    ICONST_0
    NOP
    ICONST_0
    NOP
    ICONST_0
    NOP
    ICONST_0
    NOP
    ICONST_0
    NOP
    ICONST_0
    NOP
    ICONST_0
    NOP
    ICONST_0
    NOP
    ICONST_0
    NOP
    ICONST_0
   L33
    LINENUMBER 90 L33
    NOP
   L34
    ALOAD 2
    LDC "minWarCrew"
    INVOKEINTERFACE java/util/Map.get (Ljava/lang/Object;)Ljava/lang/Object; (itf)
    NOP
    GOTO L35
   L35
    LINENUMBER 90 L35
    ASTORE 4
   L36
    ALOAD 4
    INSTANCEOF java/lang/Number
    IFEQ L37
    ALOAD 4
    CHECKCAST java/lang/Number
    GOTO L38
   L37
    ACONST_NULL
   L38
    ASTORE 3
   L39
    ALOAD 3
    IFNULL L40
    ALOAD 3
    INVOKEVIRTUAL java/lang/Number.intValue ()I
    ISTORE 4
   L41
    ILOAD 4
    POP
    ILOAD 4
    GOTO L42
   L40
    NOP
    SIPUSH 500
   L42
    LINENUMBER 91 L42
    NOP
   L43
    ALOAD 2
    LDC "properWarTrainAtmos"
    INVOKEINTERFACE java/util/Map.get (Ljava/lang/Object;)Ljava/lang/Object; (itf)
    NOP
    GOTO L44
   L44
    LINENUMBER 91 L44
    ASTORE 4
   L45
    ALOAD 4
    INSTANCEOF java/lang/Number
    IFEQ L46
    ALOAD 4
    CHECKCAST java/lang/Number
    GOTO L47
   L46
    ACONST_NULL
   L47
    ASTORE 3
   L48
    ALOAD 3
    IFNULL L49
    ALOAD 3
    INVOKEVIRTUAL java/lang/Number.intValue ()I
    ISTORE 4
   L50
    ILOAD 4
    POP
    ILOAD 4
    GOTO L51
   L49
    NOP
    BIPUSH 80
   L51
    LINENUMBER 87 L51
    LDC 1048574
    ACONST_NULL
    ASTORE 15
    ISTORE 16
    ISTORE 17
    ISTORE 18
    ISTORE 19
    ISTORE 20
    ISTORE 21
    ISTORE 22
    ISTORE 23
    ISTORE 24
    ISTORE 25
    ISTORE 26
    ISTORE 27
    ISTORE 28
    ISTORE 29
    ISTORE 30
    ISTORE 31
    ISTORE 32
    ISTORE 33
    ISTORE 34
    ISTORE 35
    ISTORE 36
    ISTORE 37
    ASTORE 38
    NEW com/opensam/engine/ai/NpcGeneralPolicy
    DUP
    ALOAD 38
    ILOAD 37
    ILOAD 36
    ILOAD 35
    ILOAD 34
    ILOAD 33
    ILOAD 32
    ILOAD 31
    ILOAD 30
    ILOAD 29
    ILOAD 28
    ILOAD 27
    ILOAD 26
    ILOAD 25
    ILOAD 24
    ILOAD 23
    ILOAD 22
    ILOAD 21
    ILOAD 20
    ILOAD 19
    ILOAD 18
    ILOAD 17
    ILOAD 16
    ALOAD 15
    INVOKESPECIAL com/opensam/engine/ai/NpcGeneralPolicy.<init> (Ljava/util/List;ZZZZZZZZZZZZZZZZZZZIIILkotlin/jvm/internal/DefaultConstructorMarker;)V
    ARETURN
   L52
   L53
    LOCALVARIABLE element$iv$iv Ljava/lang/Object; L24 L25 11
    LOCALVARIABLE $i$f$filterIsInstanceTo I L21 L26 9
    LOCALVARIABLE $this$filterIsInstanceTo$iv$iv Ljava/lang/Iterable; L20 L26 7
    LOCALVARIABLE destination$iv$iv Ljava/util/Collection; L20 L26 8
    LOCALVARIABLE $i$f$filterIsInstance I L19 L28 6
    LOCALVARIABLE $this$filterIsInstance$iv Ljava/lang/Iterable; L18 L28 5
    LOCALVARIABLE raw Ljava/util/Map; L9 L53 2
    LOCALVARIABLE this Lcom/opensam/engine/ai/NpcPolicyBuilder; L0 L53 0
    LOCALVARIABLE nationMeta Ljava/util/Map; L0 L53 1
    MAXSTACK = 26
    MAXLOCALS = 39

File is unknown
The root cause java.lang.OutOfMemoryError was thrown at: org.jetbrains.kotlin.codegen.optimization.temporaryVals.TemporaryVariablesEliminationTransformer.simplifyTrivialInstructions(TemporaryVariablesEliminationTransformer.kt:61)
	at org.jetbrains.kotlin.codegen.TransformationMethodVisitor.visitEnd(TransformationMethodVisitor.kt:89)
	at org.jetbrains.org.objectweb.asm.MethodVisitor.visitEnd(MethodVisitor.java:783)
	at org.jetbrains.org.objectweb.asm.tree.MethodNode.accept(MethodNode.java:772)
	at org.jetbrains.kotlin.backend.jvm.codegen.ClassCodegen.generateMethod(ClassCodegen.kt:454)
	at org.jetbrains.kotlin.backend.jvm.codegen.ClassCodegen.generate(ClassCodegen.kt:169)
	at org.jetbrains.kotlin.backend.jvm.FileCodegen.lower(JvmPhases.kt:39)
	at org.jetbrains.kotlin.backend.common.phaser.PhaseFactoriesKt.createFilePhase$lambda$4(PhaseFactories.kt:71)
	at org.jetbrains.kotlin.backend.common.phaser.PhaseBuildersKt$createSimpleNamedCompilerPhase$1.phaseBody(PhaseBuilders.kt:69)
	at org.jetbrains.kotlin.backend.common.phaser.SimpleNamedCompilerPhase.phaseBody(CompilerPhase.kt:226)
	at org.jetbrains.kotlin.backend.common.phaser.AbstractNamedCompilerPhase.invoke(CompilerPhase.kt:113)
	at org.jetbrains.kotlin.backend.common.phaser.PerformByIrFilePhase.invokeSequential(performByIrFile.kt:52)
	at org.jetbrains.kotlin.backend.common.phaser.PerformByIrFilePhase.invoke(performByIrFile.kt:42)
	at org.jetbrains.kotlin.backend.common.phaser.PerformByIrFilePhase.invoke(performByIrFile.kt:28)
	at org.jetbrains.kotlin.backend.common.phaser.NamedCompilerPhase.phaseBody(CompilerPhase.kt:166)
	at org.jetbrains.kotlin.backend.common.phaser.AbstractNamedCompilerPhase.invoke(CompilerPhase.kt:113)
	at org.jetbrains.kotlin.backend.common.phaser.CompositePhase.invoke(PhaseBuilders.kt:27)
	at org.jetbrains.kotlin.backend.common.phaser.CompositePhase.invoke(PhaseBuilders.kt:14)
	at org.jetbrains.kotlin.backend.common.phaser.NamedCompilerPhase.phaseBody(CompilerPhase.kt:166)
	at org.jetbrains.kotlin.backend.common.phaser.AbstractNamedCompilerPhase.invoke(CompilerPhase.kt:113)
	at org.jetbrains.kotlin.backend.common.phaser.CompilerPhaseKt.invokeToplevel(CompilerPhase.kt:62)
	at org.jetbrains.kotlin.backend.jvm.JvmIrCodegenFactory.invokeCodegen(JvmIrCodegenFactory.kt:371)
	at org.jetbrains.kotlin.codegen.CodegenFactory.generateModule(CodegenFactory.kt:47)
	at org.jetbrains.kotlin.backend.jvm.JvmIrCodegenFactory.generateModuleInFrontendIRMode(JvmIrCodegenFactory.kt:433)
	at org.jetbrains.kotlin.cli.jvm.compiler.pipeline.JvmCompilerPipelineKt.generateCodeFromIr(jvmCompilerPipeline.kt:192)
	at org.jetbrains.kotlin.cli.jvm.compiler.pipeline.JvmCompilerPipelineKt.runBackend(jvmCompilerPipeline.kt:80)
	at org.jetbrains.kotlin.cli.jvm.compiler.pipeline.JvmCompilerPipelineLightTreeKt.compileModule(jvmCompilerPipelineLightTree.kt:264)
	at org.jetbrains.kotlin.cli.jvm.compiler.pipeline.JvmCompilerPipelineLightTreeKt.compileSingleModuleUsingFrontendIrAndLightTree(jvmCompilerPipelineLightTree.kt:231)
	at org.jetbrains.kotlin.cli.jvm.compiler.pipeline.JvmCompilerPipelineLightTreeKt.compileModulesUsingFrontendIrAndLightTree(jvmCompilerPipelineLightTree.kt:86)
	at org.jetbrains.kotlin.cli.jvm.K2JVMCompiler.doExecute(K2JVMCompiler.kt:146)
	at org.jetbrains.kotlin.cli.jvm.K2JVMCompiler.doExecute(K2JVMCompiler.kt:43)
	at org.jetbrains.kotlin.cli.common.CLICompiler.execImpl(CLICompiler.kt:102)
	at org.jetbrains.kotlin.cli.common.CLICompiler.exec(CLICompiler.kt:316)
	at org.jetbrains.kotlin.incremental.IncrementalJvmCompilerRunner.runCompiler(IncrementalJvmCompilerRunner.kt:464)
	at org.jetbrains.kotlin.incremental.IncrementalJvmCompilerRunner.runCompiler(IncrementalJvmCompilerRunner.kt:73)
	at org.jetbrains.kotlin.incremental.IncrementalCompilerRunner.doCompile(IncrementalCompilerRunner.kt:506)
	at org.jetbrains.kotlin.incremental.IncrementalCompilerRunner.compileImpl(IncrementalCompilerRunner.kt:423)
	at org.jetbrains.kotlin.incremental.IncrementalCompilerRunner.compileNonIncrementally(IncrementalCompilerRunner.kt:301)
	at org.jetbrains.kotlin.incremental.IncrementalCompilerRunner.compile(IncrementalCompilerRunner.kt:129)
	at org.jetbrains.kotlin.daemon.CompileServiceImplBase.execIncrementalCompiler(CompileServiceImpl.kt:674)
	at org.jetbrains.kotlin.daemon.CompileServiceImplBase.access$execIncrementalCompiler(CompileServiceImpl.kt:91)
	at org.jetbrains.kotlin.daemon.CompileServiceImpl.compile(CompileServiceImpl.kt:1659)
	at java.base/jdk.internal.reflect.NativeMethodAccessorImpl.invoke0(Native Method)
	at java.base/jdk.internal.reflect.NativeMethodAccessorImpl.invoke(NativeMethodAccessorImpl.java:77)
	at java.base/jdk.internal.reflect.DelegatingMethodAccessorImpl.invoke(DelegatingMethodAccessorImpl.java:43)
	at java.base/java.lang.reflect.Method.invoke(Method.java:569)
	at java.rmi/sun.rmi.server.UnicastServerRef.dispatch(UnicastServerRef.java:360)
	at java.rmi/sun.rmi.transport.Transport$1.run(Transport.java:200)
	at java.rmi/sun.rmi.transport.Transport$1.run(Transport.java:197)
	at java.base/java.security.AccessController.doPrivileged(AccessController.java:712)
	at java.rmi/sun.rmi.transport.Transport.serviceCall(Transport.java:196)
	at java.rmi/sun.rmi.transport.tcp.TCPTransport.handleMessages(TCPTransport.java:587)
	at java.rmi/sun.rmi.transport.tcp.TCPTransport$ConnectionHandler.run0(TCPTransport.java:828)
	at java.rmi/sun.rmi.transport.tcp.TCPTransport$ConnectionHandler.lambda$run$0(TCPTransport.java:705)
	at java.base/java.security.AccessController.doPrivileged(AccessController.java:399)
	at java.rmi/sun.rmi.transport.tcp.TCPTransport$ConnectionHandler.run(TCPTransport.java:704)
	at java.base/java.util.concurrent.ThreadPoolExecutor.runWorker(ThreadPoolExecutor.java:1136)
	at java.base/java.util.concurrent.ThreadPoolExecutor$Worker.run(ThreadPoolExecutor.java:635)
	at java.base/java.lang.Thread.run(Thread.java:840)
Caused by: java.lang.OutOfMemoryError: GC overhead limit exceeded
	at org.jetbrains.kotlin.codegen.optimization.temporaryVals.TemporaryVariablesEliminationTransformer.simplifyTrivialInstructions(TemporaryVariablesEliminationTransformer.kt:61)
	at org.jetbrains.kotlin.codegen.optimization.temporaryVals.TemporaryVariablesEliminationTransformer.transform(TemporaryVariablesEliminationTransformer.kt:32)
	at org.jetbrains.kotlin.codegen.optimization.transformer.CompositeMethodTransformer.transform(CompositeMethodTransformer.kt:25)
	at org.jetbrains.kotlin.codegen.optimization.OptimizationMethodVisitor.performTransformations(OptimizationMethodVisitor.kt:74)
	at org.jetbrains.kotlin.codegen.TransformationMethodVisitor.visitEnd(TransformationMethodVisitor.kt:67)
	at org.jetbrains.org.objectweb.asm.MethodVisitor.visitEnd(MethodVisitor.java:783)
	at org.jetbrains.org.objectweb.asm.tree.MethodNode.accept(MethodNode.java:772)
	at org.jetbrains.kotlin.backend.jvm.codegen.ClassCodegen.generateMethod(ClassCodegen.kt:454)
	at org.jetbrains.kotlin.backend.jvm.codegen.ClassCodegen.generate(ClassCodegen.kt:169)
	at org.jetbrains.kotlin.backend.jvm.FileCodegen.lower(JvmPhases.kt:39)
	at org.jetbrains.kotlin.backend.common.phaser.PhaseFactoriesKt.createFilePhase$lambda$4(PhaseFactories.kt:71)
	at org.jetbrains.kotlin.backend.common.phaser.PhaseFactoriesKt$$Lambda$183/0x0000000132146220.invoke(Unknown Source)
	at org.jetbrains.kotlin.backend.common.phaser.PhaseBuildersKt$createSimpleNamedCompilerPhase$1.phaseBody(PhaseBuilders.kt:69)
	at org.jetbrains.kotlin.backend.common.phaser.SimpleNamedCompilerPhase.phaseBody(CompilerPhase.kt:226)
	at org.jetbrains.kotlin.backend.common.phaser.AbstractNamedCompilerPhase.invoke(CompilerPhase.kt:113)
	at org.jetbrains.kotlin.backend.common.phaser.PerformByIrFilePhase.invokeSequential(performByIrFile.kt:52)
	at org.jetbrains.kotlin.backend.common.phaser.PerformByIrFilePhase.invoke(performByIrFile.kt:42)
	at org.jetbrains.kotlin.backend.common.phaser.PerformByIrFilePhase.invoke(performByIrFile.kt:28)
	at org.jetbrains.kotlin.backend.common.phaser.NamedCompilerPhase.phaseBody(CompilerPhase.kt:166)
	at org.jetbrains.kotlin.backend.common.phaser.AbstractNamedCompilerPhase.invoke(CompilerPhase.kt:113)
	at org.jetbrains.kotlin.backend.common.phaser.CompositePhase.invoke(PhaseBuilders.kt:27)
	at org.jetbrains.kotlin.backend.common.phaser.CompositePhase.invoke(PhaseBuilders.kt:14)
	at org.jetbrains.kotlin.backend.common.phaser.NamedCompilerPhase.phaseBody(CompilerPhase.kt:166)
	at org.jetbrains.kotlin.backend.common.phaser.AbstractNamedCompilerPhase.invoke(CompilerPhase.kt:113)
	at org.jetbrains.kotlin.backend.common.phaser.CompilerPhaseKt.invokeToplevel(CompilerPhase.kt:62)
	at org.jetbrains.kotlin.backend.jvm.JvmIrCodegenFactory.invokeCodegen(JvmIrCodegenFactory.kt:371)
	at org.jetbrains.kotlin.codegen.CodegenFactory.generateModule(CodegenFactory.kt:47)
	at org.jetbrains.kotlin.backend.jvm.JvmIrCodegenFactory.generateModuleInFrontendIRMode(JvmIrCodegenFactory.kt:433)
	at org.jetbrains.kotlin.cli.jvm.compiler.pipeline.JvmCompilerPipelineKt.generateCodeFromIr(jvmCompilerPipeline.kt:192)
	at org.jetbrains.kotlin.cli.jvm.compiler.pipeline.JvmCompilerPipelineKt.runBackend(jvmCompilerPipeline.kt:80)
	at org.jetbrains.kotlin.cli.jvm.compiler.pipeline.JvmCompilerPipelineLightTreeKt.compileModule(jvmCompilerPipelineLightTree.kt:264)
	at org.jetbrains.kotlin.cli.jvm.compiler.pipeline.JvmCompilerPipelineLightTreeKt.compileSingleModuleUsingFrontendIrAndLightTree(jvmCompilerPipelineLightTree.kt:231)


