kotlin version: 2.1.0
error message: java.lang.OutOfMemoryError: GC overhead limit exceeded
	at java.base/java.util.ArrayList.iterator(ArrayList.java:947)
	at org.jetbrains.kotlin.fir.resolve.calls.stages.CheckArguments.check(CheckArguments.kt:32)
	at org.jetbrains.kotlin.fir.resolve.calls.stages.ResolutionStageRunner$processCandidate$1.invokeSuspend(ResolutionStageRunner.kt:26)
	at kotlin.coroutines.jvm.internal.BaseContinuationImpl.resumeWith(ContinuationImpl.kt:33)
	at org.jetbrains.kotlin.fir.resolve.calls.stages.ResolutionStageRunner.processCandidate(ResolutionStageRunner.kt:39)
	at org.jetbrains.kotlin.fir.resolve.calls.stages.ResolutionStageRunner.processCandidate$default(ResolutionStageRunner.kt:19)
	at org.jetbrains.kotlin.fir.resolve.calls.candidate.CandidateCollector.consumeCandidate(CandidateCollector.kt:40)
	at org.jetbrains.kotlin.fir.resolve.calls.tower.TowerScopeLevelProcessor.consumeCandidate(TowerLevelHandler.kt:90)
	at org.jetbrains.kotlin.fir.resolve.calls.tower.TowerScopeLevel$TowerScopeLevelProcessor.consumeCandidate$default(TowerLevels.kt:57)
	at org.jetbrains.kotlin.fir.resolve.calls.tower.ScopeTowerLevel.consumeCallableCandidate(TowerLevels.kt:481)
	at org.jetbrains.kotlin.fir.resolve.calls.tower.ScopeTowerLevel.processFunctionsByName$lambda$6(TowerLevels.kt:504)
	at org.jetbrains.kotlin.fir.resolve.calls.tower.ScopeTowerLevel$$Lambda$1399/0x00000001277152d0.invoke(Unknown Source)
	at org.jetbrains.kotlin.fir.scopes.impl.FirDefaultStarImportingScope.processSymbolsByName$lambda$2(FirDefaultStarImportingScope.kt:58)
	at org.jetbrains.kotlin.fir.scopes.impl.FirDefaultStarImportingScope$$Lambda$1406/0x0000000127716378.invoke(Unknown Source)
	at org.jetbrains.kotlin.fir.scopes.impl.FirSingleLevelDefaultStarImportingScope.processFunctionsByName(FirSingleLevelDefaultStarImportingScope.kt:60)
	at org.jetbrains.kotlin.fir.scopes.impl.FirDefaultStarImportingScope$processFunctionsByName$1.invoke(FirDefaultStarImportingScope.kt:67)
	at org.jetbrains.kotlin.fir.scopes.impl.FirDefaultStarImportingScope$processFunctionsByName$1.invoke(FirDefaultStarImportingScope.kt:67)
	at org.jetbrains.kotlin.fir.scopes.impl.FirDefaultStarImportingScope.processSymbolsByName(FirDefaultStarImportingScope.kt:56)
	at org.jetbrains.kotlin.fir.scopes.impl.FirDefaultStarImportingScope.processFunctionsByName(FirDefaultStarImportingScope.kt:67)
	at org.jetbrains.kotlin.fir.resolve.calls.ConstructorProcessingKt.processFunctionsAndConstructorsByName(ConstructorProcessing.kt:81)
	at org.jetbrains.kotlin.fir.resolve.calls.tower.ScopeTowerLevel.processFunctionsByName(TowerLevels.kt:496)
	at org.jetbrains.kotlin.fir.resolve.calls.tower.TowerLevelHandler.handleLevel(TowerLevelHandler.kt:61)
	at org.jetbrains.kotlin.fir.resolve.calls.tower.FirBaseTowerResolveTask.processLevel(FirTowerResolveTask.kt:207)
	at org.jetbrains.kotlin.fir.resolve.calls.tower.FirBaseTowerResolveTask.access$processLevel(FirTowerResolveTask.kt:64)
	at org.jetbrains.kotlin.fir.resolve.calls.tower.FirBaseTowerResolveTask$processLevel$3.invokeSuspend(FirTowerResolveTask.kt)
	at kotlin.coroutines.jvm.internal.BaseContinuationImpl.resumeWith(ContinuationImpl.kt:33)
	at org.jetbrains.kotlin.fir.resolve.calls.tower.TowerResolveManager.resumeTask(TowerResolveManager.kt:77)
	at org.jetbrains.kotlin.fir.resolve.calls.tower.TowerResolveManager.runTasks(TowerResolveManager.kt:83)
	at org.jetbrains.kotlin.fir.resolve.calls.tower.FirTowerResolver.runResolver(FirTowerResolver.kt:53)
	at org.jetbrains.kotlin.fir.resolve.calls.tower.FirTowerResolver.runResolver(FirTowerResolver.kt:40)
	at org.jetbrains.kotlin.fir.resolve.calls.FirCallResolver.collectCandidates(FirCallResolver.kt:211)
	at org.jetbrains.kotlin.fir.resolve.calls.FirCallResolver.collectCandidates$default(FirCallResolver.kt:176)


