kotlin version: 2.1.0
error message: org.jetbrains.kotlin.backend.common.BackendException: Backend Internal error: Exception during IR lowering
File being compiled: /Users/apple/Desktop/opensam/backend/src/main/kotlin/com/opensam/engine/ai/NpcPolicy.kt
The root cause java.lang.RuntimeException was thrown at: org.jetbrains.kotlin.backend.jvm.codegen.FunctionCodegen.generate(FunctionCodegen.kt:48)
	at org.jetbrains.kotlin.backend.common.CodegenUtil.reportBackendException(CodegenUtil.kt:253)
	at org.jetbrains.kotlin.backend.common.CodegenUtil.reportBackendException$default(CodegenUtil.kt:236)
	at org.jetbrains.kotlin.backend.common.phaser.PerformByIrFilePhase.invokeSequential(performByIrFile.kt:55)
	at org.jetbrains.kotlin.backend.common.phaser.PerformByIrFilePhase.invoke(performByIrFile.kt:42)
	at org.jetbrains.kotlin.backend.common.phaser.PerformByIrFilePhase.invoke(performByIrFile.kt:28)
	at org.jetbrains.kotlin.backend.common.phaser.NamedCompilerPhase.phaseBody(CompilerPhase.kt:166)
	at org.jetbrains.kotlin.backend.common.phaser.AbstractNamedCompilerPhase.invoke(CompilerPhase.kt:113)
	at org.jetbrains.kotlin.backend.common.phaser.CompositePhase.invoke(PhaseBuilders.kt:27)
	at org.jetbrains.kotlin.backend.common.phaser.CompositePhase.invoke(PhaseBuilders.kt:14)
	at org.jetbrains.kotlin.backend.common.phaser.NamedCompilerPhase.phaseBody(CompilerPhase.kt:166)
	at org.jetbrains.kotlin.backend.common.phaser.AbstractNamedCompilerPhase.invoke(CompilerPhase.kt:113)
	at org.jetbrains.kotlin.backend.common.phaser.CompilerPhaseKt.invokeToplevel(CompilerPhase.kt:62)
	at org.jetbrains.kotlin.backend.jvm.JvmIrCodegenFactory.invokeCodegen(JvmIrCodegenFactory.kt:371)
	at org.jetbrains.kotlin.codegen.CodegenFactory.generateModule(CodegenFactory.kt:47)
	at org.jetbrains.kotlin.backend.jvm.JvmIrCodegenFactory.generateModuleInFrontendIRMode(JvmIrCodegenFactory.kt:433)
	at org.jetbrains.kotlin.cli.jvm.compiler.pipeline.JvmCompilerPipelineKt.generateCodeFromIr(jvmCompilerPipeline.kt:192)
	at org.jetbrains.kotlin.cli.jvm.compiler.pipeline.JvmCompilerPipelineKt.runBackend(jvmCompilerPipeline.kt:80)
	at org.jetbrains.kotlin.cli.jvm.compiler.pipeline.JvmCompilerPipelineLightTreeKt.compileModule(jvmCompilerPipelineLightTree.kt:264)
	at org.jetbrains.kotlin.cli.jvm.compiler.pipeline.JvmCompilerPipelineLightTreeKt.compileSingleModuleUsingFrontendIrAndLightTree(jvmCompilerPipelineLightTree.kt:231)
	at org.jetbrains.kotlin.cli.jvm.compiler.pipeline.JvmCompilerPipelineLightTreeKt.compileModulesUsingFrontendIrAndLightTree(jvmCompilerPipelineLightTree.kt:86)
	at org.jetbrains.kotlin.cli.jvm.K2JVMCompiler.doExecute(K2JVMCompiler.kt:146)
	at org.jetbrains.kotlin.cli.jvm.K2JVMCompiler.doExecute(K2JVMCompiler.kt:43)
	at org.jetbrains.kotlin.cli.common.CLICompiler.execImpl(CLICompiler.kt:102)
	at org.jetbrains.kotlin.cli.common.CLICompiler.exec(CLICompiler.kt:316)
	at org.jetbrains.kotlin.incremental.IncrementalJvmCompilerRunner.runCompiler(IncrementalJvmCompilerRunner.kt:464)
	at org.jetbrains.kotlin.incremental.IncrementalJvmCompilerRunner.runCompiler(IncrementalJvmCompilerRunner.kt:73)
	at org.jetbrains.kotlin.incremental.IncrementalCompilerRunner.doCompile(IncrementalCompilerRunner.kt:506)
	at org.jetbrains.kotlin.incremental.IncrementalCompilerRunner.compileImpl(IncrementalCompilerRunner.kt:423)
	at org.jetbrains.kotlin.incremental.IncrementalCompilerRunner.compileNonIncrementally(IncrementalCompilerRunner.kt:301)
	at org.jetbrains.kotlin.incremental.IncrementalCompilerRunner.compile(IncrementalCompilerRunner.kt:129)
	at org.jetbrains.kotlin.daemon.CompileServiceImplBase.execIncrementalCompiler(CompileServiceImpl.kt:674)
	at org.jetbrains.kotlin.daemon.CompileServiceImplBase.access$execIncrementalCompiler(CompileServiceImpl.kt:91)
	at org.jetbrains.kotlin.daemon.CompileServiceImpl.compile(CompileServiceImpl.kt:1659)
	at java.base/jdk.internal.reflect.NativeMethodAccessorImpl.invoke0(Native Method)
	at java.base/jdk.internal.reflect.NativeMethodAccessorImpl.invoke(NativeMethodAccessorImpl.java:77)
	at java.base/jdk.internal.reflect.DelegatingMethodAccessorImpl.invoke(DelegatingMethodAccessorImpl.java:43)
	at java.base/java.lang.reflect.Method.invoke(Method.java:569)
	at java.rmi/sun.rmi.server.UnicastServerRef.dispatch(UnicastServerRef.java:360)
	at java.rmi/sun.rmi.transport.Transport$1.run(Transport.java:200)
	at java.rmi/sun.rmi.transport.Transport$1.run(Transport.java:197)
	at java.base/java.security.AccessController.doPrivileged(AccessController.java:712)
	at java.rmi/sun.rmi.transport.Transport.serviceCall(Transport.java:196)
	at java.rmi/sun.rmi.transport.tcp.TCPTransport.handleMessages(TCPTransport.java:587)
	at java.rmi/sun.rmi.transport.tcp.TCPTransport$ConnectionHandler.run0(TCPTransport.java:828)
	at java.rmi/sun.rmi.transport.tcp.TCPTransport$ConnectionHandler.lambda$run$0(TCPTransport.java:705)
	at java.base/java.security.AccessController.doPrivileged(AccessController.java:399)
	at java.rmi/sun.rmi.transport.tcp.TCPTransport$ConnectionHandler.run(TCPTransport.java:704)
	at java.base/java.util.concurrent.ThreadPoolExecutor.runWorker(ThreadPoolExecutor.java:1136)
	at java.base/java.util.concurrent.ThreadPoolExecutor$Worker.run(ThreadPoolExecutor.java:635)
	at java.base/java.lang.Thread.run(Thread.java:840)
Caused by: java.lang.RuntimeException: Exception while generating code for:
FUN name:buildGeneralPolicy visibility:public modality:FINAL <> ($this:com.opensam.engine.ai.NpcPolicyBuilder, nationMeta:kotlin.collections.Map<kotlin.String, kotlin.Any>) returnType:com.opensam.engine.ai.NpcGeneralPolicy
  $this: VALUE_PARAMETER name:<this> type:com.opensam.engine.ai.NpcPolicyBuilder
  VALUE_PARAMETER name:nationMeta index:0 type:kotlin.collections.Map<kotlin.String, kotlin.Any>
  BLOCK_BODY
    VAR name:raw type:kotlin.collections.Map<*, *> [val]
      BLOCK type=kotlin.collections.Map<*, *> origin=FOLDED_ELVIS
        WHEN type=kotlin.collections.Map<*, *> origin=FOLDED_ELVIS
          BRANCH
            if: COMPOSITE type=kotlin.Boolean origin=null
              VAR IR_TEMPORARY_VARIABLE name:tmp0_elvis_lhs type:kotlin.collections.Map<*, *>? [val]
                BLOCK type=kotlin.collections.Map<*, *>? origin=SAFE_CALL
                  VAR IR_TEMPORARY_VARIABLE name:tmp0 type:kotlin.Any? [val]
                    CALL 'public abstract fun get (key: K of kotlin.collections.Map): V of kotlin.collections.Map? [operator] declared in kotlin.collections.Map' type=kotlin.Any? origin=GET_ARRAY_ELEMENT
                      $this: GET_VAR 'nationMeta: kotlin.collections.Map<kotlin.String, kotlin.Any> declared in com.opensam.engine.ai.NpcPolicyBuilder.buildGeneralPolicy' type=kotlin.collections.Map<kotlin.String, kotlin.Any> origin=null
                      key: CONST String type=kotlin.String value="npcGeneralPolicy"
                  WHEN type=kotlin.collections.Map<*, *>? origin=null
                    BRANCH
                      if: TYPE_OP type=kotlin.Boolean origin=INSTANCEOF typeOperand=kotlin.collections.Map<*, *>
                        GET_VAR 'val tmp0: kotlin.Any? [val] declared in com.opensam.engine.ai.NpcPolicyBuilder.buildGeneralPolicy' type=kotlin.Any? origin=null
                      then: GET_VAR 'val tmp0: kotlin.Any? [val] declared in com.opensam.engine.ai.NpcPolicyBuilder.buildGeneralPolicy' type=kotlin.Any? origin=null
                    BRANCH
                      if: CONST Boolean type=kotlin.Boolean value=true
                      then: CONST Null type=kotlin.collections.Map<*, *>? value=null
              CALL 'public final fun not (): kotlin.Boolean [operator] declared in kotlin.Boolean' type=kotlin.Boolean origin=null
                $this: CALL 'public final fun EQEQ (arg0: kotlin.Any?, arg1: kotlin.Any?): kotlin.Boolean declared in kotlin.internal.ir' type=kotlin.Boolean origin=null
                  arg0: GET_VAR 'val tmp0_elvis_lhs: kotlin.collections.Map<*, *>? [val] declared in com.opensam.engine.ai.NpcPolicyBuilder.buildGeneralPolicy' type=kotlin.collections.Map<*, *>? origin=null
                  arg1: CONST Null type=kotlin.Nothing? value=null
            then: GET_VAR 'val tmp0_elvis_lhs: kotlin.collections.Map<*, *>? [val] declared in com.opensam.engine.ai.NpcPolicyBuilder.buildGeneralPolicy' type=kotlin.collections.Map<*, *>? origin=null
          BRANCH
            if: CONST Boolean type=kotlin.Boolean value=true
            then: RETURN type=kotlin.Nothing from='public final fun buildGeneralPolicy (nationMeta: kotlin.collections.Map<kotlin.String, kotlin.Any>): com.opensam.engine.ai.NpcGeneralPolicy declared in com.opensam.engine.ai.NpcPolicyBuilder'
              CONSTRUCTOR_CALL 'public constructor <init> (priority: kotlin.collections.List<kotlin.String>?, can일반내정: kotlin.Boolean, can긴급내정: kotlin.Boolean, can전쟁내정: kotlin.Boolean, can징병: kotlin.Boolean, can전투준비: kotlin.Boolean, can출병: kotlin.Boolean, can금쌀구매: kotlin.Boolean, canNPC헌납: kotlin.Boolean, can전방워프: kotlin.Boolean, can후방워프: kotlin.Boolean, can내정워프: kotlin.Boolean, can귀환: kotlin.Boolean, can소집해제: kotlin.Boolean, can중립: kotlin.Boolean, can국가선택: kotlin.Boolean, can모병: kotlin.Boolean, can한계징병: kotlin.Boolean, can고급병종: kotlin.Boolean, can선양: kotlin.Boolean, minWarCrew: kotlin.Int, properWarTrainAtmos: kotlin.Int, $mask0: kotlin.Int, $marker: kotlin.jvm.internal.DefaultConstructorMarker?) declared in com.opensam.engine.ai.NpcGeneralPolicy' type=com.opensam.engine.ai.NpcGeneralPolicy origin=DEFAULT_DISPATCH_CALL
                priority: COMPOSITE type=kotlin.collections.List<kotlin.String>? origin=DEFAULT_VALUE
                  CONST Null type=kotlin.collections.List<kotlin.String>? value=null
                can일반내정: COMPOSITE type=kotlin.Boolean origin=DEFAULT_VALUE
                  CONST Boolean type=kotlin.Boolean value=false
                can긴급내정: COMPOSITE type=kotlin.Boolean origin=DEFAULT_VALUE
                  CONST Boolean type=kotlin.Boolean value=false
                can전쟁내정: COMPOSITE type=kotlin.Boolean origin=DEFAULT_VALUE
                  CONST Boolean type=kotlin.Boolean value=false
                can징병: COMPOSITE type=kotlin.Boolean origin=DEFAULT_VALUE
                  CONST Boolean type=kotlin.Boolean value=false
                can전투준비: COMPOSITE type=kotlin.Boolean origin=DEFAULT_VALUE
                  CONST Boolean type=kotlin.Boolean value=false
                can출병: COMPOSITE type=kotlin.Boolean origin=DEFAULT_VALUE
                  CONST Boolean type=kotlin.Boolean value=false
                can금쌀구매: COMPOSITE type=kotlin.Boolean origin=DEFAULT_VALUE
                  CONST Boolean type=kotlin.Boolean value=false
                canNPC헌납: COMPOSITE type=kotlin.Boolean origin=DEFAULT_VALUE
                  CONST Boolean type=kotlin.Boolean value=false
                can전방워프: COMPOSITE type=kotlin.Boolean origin=DEFAULT_VALUE
                  CONST Boolean type=kotlin.Boolean value=false
                can후방워프: COMPOSITE type=kotlin.Boolean origin=DEFAULT_VALUE
                  CONST Boolean type=kotlin.Boolean value=false
                can내정워프: COMPOSITE type=kotlin.Boolean origin=DEFAULT_VALUE
                  CONST Boolean type=kotlin.Boolean value=false
                can귀환: COMPOSITE type=kotlin.Boolean origin=DEFAULT_VALUE
                  CONST Boolean type=kotlin.Boolean value=false
                can소집해제: COMPOSITE type=kotlin.Boolean origin=DEFAULT_VALUE
                  CONST Boolean type=kotlin.Boolean value=false
                can중립: COMPOSITE type=kotlin.Boolean origin=DEFAULT_VALUE
                  CONST Boolean type=kotlin.Boolean value=false
                can국가선택: COMPOSITE type=kotlin.Boolean origin=DEFAULT_VALUE
                  CONST Boolean type=kotlin.Boolean value=false
                can모병: COMPOSITE type=kotlin.Boolean origin=DEFAULT_VALUE
                  CONST Boolean type=kotlin.Boolean value=false
                can한계징병: COMPOSITE type=kotlin.Boolean origin=DEFAULT_VALUE
                  CONST Boolean type=kotlin.Boolean value=false
                can고급병종: COMPOSITE type=kotlin.Boolean origin=DEFAULT_VALUE
                  CONST Boolean type=kotlin.Boolean value=false
                can선양: COMPOSITE type=kotlin.Boolean origin=DEFAULT_VALUE
                  CONST Boolean type=kotlin.Boolean value=false
                minWarCrew: COMPOSITE type=kotlin.Int origin=DEFAULT_VALUE
                  CONST Int type=kotlin.Int value=0
                properWarTrainAtmos: COMPOSITE type=kotlin.Int origin=DEFAULT_VALUE
                  CONST Int type=kotlin.Int value=0
                $mask0: CONST Int type=kotlin.Int value=4194303
                $marker: CONST Null type=kotlin.jvm.internal.DefaultConstructorMarker? value=null
    RETURN type=kotlin.Nothing from='public final fun buildGeneralPolicy (nationMeta: kotlin.collections.Map<kotlin.String, kotlin.Any>): com.opensam.engine.ai.NpcGeneralPolicy declared in com.opensam.engine.ai.NpcPolicyBuilder'
      CONSTRUCTOR_CALL 'public constructor <init> (priority: kotlin.collections.List<kotlin.String>?, can일반내정: kotlin.Boolean, can긴급내정: kotlin.Boolean, can전쟁내정: kotlin.Boolean, can징병: kotlin.Boolean, can전투준비: kotlin.Boolean, can출병: kotlin.Boolean, can금쌀구매: kotlin.Boolean, canNPC헌납: kotlin.Boolean, can전방워프: kotlin.Boolean, can후방워프: kotlin.Boolean, can내정워프: kotlin.Boolean, can귀환: kotlin.Boolean, can소집해제: kotlin.Boolean, can중립: kotlin.Boolean, can국가선택: kotlin.Boolean, can모병: kotlin.Boolean, can한계징병: kotlin.Boolean, can고급병종: kotlin.Boolean, can선양: kotlin.Boolean, minWarCrew: kotlin.Int, properWarTrainAtmos: kotlin.Int, $mask0: kotlin.Int, $marker: kotlin.jvm.internal.DefaultConstructorMarker?) declared in com.opensam.engine.ai.NpcGeneralPolicy' type=com.opensam.engine.ai.NpcGeneralPolicy origin=DEFAULT_DISPATCH_CALL
        priority: BLOCK type=kotlin.collections.List<@[NoInfer] kotlin.String> origin=FOLDED_ELVIS
          WHEN type=kotlin.collections.List<@[NoInfer] kotlin.String> origin=FOLDED_ELVIS
            BRANCH
              if: CALL 'public final fun ANDAND (arg0: kotlin.Boolean, arg1: kotlin.Boolean): kotlin.Boolean declared in kotlin.internal.ir' type=kotlin.Boolean origin=null
                arg0: COMPOSITE type=kotlin.Boolean origin=null
                  VAR IR_TEMPORARY_VARIABLE name:tmp1_safe_receiver type:kotlin.collections.List<*>? [val]
                    BLOCK type=kotlin.collections.List<*>? origin=SAFE_CALL
                      VAR IR_TEMPORARY_VARIABLE name:tmp1 type:kotlin.Any? [val]
                        CALL 'public final fun get <K, V> (key: K of kotlin.collections.MapsKt.get): V of kotlin.collections.MapsKt.get? [inline,operator] declared in kotlin.collections.MapsKt' type=kotlin.Any? origin=GET_ARRAY_ELEMENT
                          <K>: kotlin.Any?
                          <V>: kotlin.Any?
                          $receiver: GET_VAR 'val raw: kotlin.collections.Map<*, *> [val] declared in com.opensam.engine.ai.NpcPolicyBuilder.buildGeneralPolicy' type=kotlin.collections.Map<*, *> origin=null
                          key: CONST String type=kotlin.String value="priority"
                      WHEN type=kotlin.collections.List<*>? origin=null
                        BRANCH
                          if: TYPE_OP type=kotlin.Boolean origin=INSTANCEOF typeOperand=kotlin.collections.List<*>
                            GET_VAR 'val tmp1: kotlin.Any? [val] declared in com.opensam.engine.ai.NpcPolicyBuilder.buildGeneralPolicy' type=kotlin.Any? origin=null
                          then: GET_VAR 'val tmp1: kotlin.Any? [val] declared in com.opensam.engine.ai.NpcPolicyBuilder.buildGeneralPolicy' type=kotlin.Any? origin=null
                        BRANCH
                          if: CONST Boolean type=kotlin.Boolean value=true
                          then: CONST Null type=kotlin.collections.List<*>? value=null
                  CALL 'public final fun not (): kotlin.Boolean [operator] declared in kotlin.Boolean' type=kotlin.Boolean origin=null
                    $this: CALL 'public final fun EQEQ (arg0: kotlin.Any?, arg1: kotlin.Any?): kotlin.Boolean declared in kotlin.internal.ir' type=kotlin.Boolean origin=null
                      arg0: GET_VAR 'val tmp1_safe_receiver: kotlin.collections.List<*>? [val] declared in com.opensam.engine.ai.NpcPolicyBuilder.buildGeneralPolicy' type=kotlin.collections.List<*>? origin=null
                      arg1: CONST Null type=kotlin.Nothing? value=null
                arg1: COMPOSITE type=kotlin.Boolean origin=null
                  VAR IR_TEMPORARY_VARIABLE name:tmp2_elvis_lhs type:kotlin.collections.List<@[NoInfer] kotlin.String> [val]
                    CALL 'public final fun filterIsInstance <R> (): kotlin.collections.List<@[NoInfer] R of kotlin.collections.CollectionsKt.filterIsInstance> [inline] declared in kotlin.collections.CollectionsKt' type=kotlin.collections.List<@[NoInfer] kotlin.String> origin=null
                      <R>: kotlin.String
                      $receiver: GET_VAR 'val tmp1_safe_receiver: kotlin.collections.List<*>? [val] declared in com.opensam.engine.ai.NpcPolicyBuilder.buildGeneralPolicy' type=kotlin.collections.List<*>? origin=null
                  CALL 'public final fun not (): kotlin.Boolean [operator] declared in kotlin.Boolean' type=kotlin.Boolean origin=null
                    $this: CALL 'public final fun EQEQ (arg0: kotlin.Any?, arg1: kotlin.Any?): kotlin.Boolean declared in kotlin.internal.ir' type=kotlin.Boolean origin=null
                      arg0: GET_VAR 'val tmp2_elvis_lhs: kotlin.collections.List<@[NoInfer] kotlin.String> [val] declared in com.opensam.engine.ai.NpcPolicyBuilder.buildGeneralPolicy' type=kotlin.collections.List<@[NoInfer] kotlin.String> origin=null
                      arg1: CONST Null type=kotlin.Nothing? value=null
              then: GET_VAR 'val tmp2_elvis_lhs: kotlin.collections.List<@[NoInfer] kotlin.String> [val] declared in com.opensam.engine.ai.NpcPolicyBuilder.buildGeneralPolicy' type=kotlin.collections.List<@[NoInfer] kotlin.String> origin=null
            BRANCH
              if: CONST Boolean type=kotlin.Boolean value=true
              then: CALL 'public final fun <get-DEFAULT_GENERAL_PRIORITY> (): kotlin.collections.List<kotlin.String> declared in com.opensam.engine.ai.NpcGeneralPolicy.Companion' type=kotlin.collections.List<kotlin.String> origin=GET_PROPERTY
                $this: GET_FIELD 'FIELD FIELD_FOR_OBJECT_INSTANCE name:Companion type:com.opensam.engine.ai.NpcGeneralPolicy.Companion visibility:public [final,static] declared in com.opensam.engine.ai.NpcGeneralPolicy' type=com.opensam.engine.ai.NpcGeneralPolicy.Companion origin=null
        can일반내정: COMPOSITE type=kotlin.Boolean origin=DEFAULT_VALUE
          CONST Boolean type=kotlin.Boolean value=false
        can긴급내정: COMPOSITE type=kotlin.Boolean origin=DEFAULT_VALUE
          CONST Boolean type=kotlin.Boolean value=false
        can전쟁내정: COMPOSITE type=kotlin.Boolean origin=DEFAULT_VALUE
          CONST Boolean type=kotlin.Boolean value=false
        can징병: COMPOSITE type=kotlin.Boolean origin=DEFAULT_VALUE
          CONST Boolean type=kotlin.Boolean value=false
        can전투준비: COMPOSITE type=kotlin.Boolean origin=DEFAULT_VALUE
          CONST Boolean type=kotlin.Boolean value=false
        can출병: COMPOSITE type=kotlin.Boolean origin=DEFAULT_VALUE
          CONST Boolean type=kotlin.Boolean value=false
        can금쌀구매: COMPOSITE type=kotlin.Boolean origin=DEFAULT_VALUE
          CONST Boolean type=kotlin.Boolean value=false
        canNPC헌납: COMPOSITE type=kotlin.Boolean origin=DEFAULT_VALUE
          CONST Boolean type=kotlin.Boolean value=false
        can전방워프: COMPOSITE type=kotlin.Boolean origin=DEFAULT_VALUE
          CONST Boolean type=kotlin.Boolean value=false
        can후방워프: COMPOSITE type=kotlin.Boolean origin=DEFAULT_VALUE
          CONST Boolean type=kotlin.Boolean value=false
        can내정워프: COMPOSITE type=kotlin.Boolean origin=DEFAULT_VALUE
          CONST Boolean type=kotlin.Boolean value=false
        can귀환: COMPOSITE type=kotlin.Boolean origin=DEFAULT_VALUE
          CONST Boolean type=kotlin.Boolean value=false
        can소집해제: COMPOSITE type=kotlin.Boolean origin=DEFAULT_VALUE
          CONST Boolean type=kotlin.Boolean value=false
        can중립: COMPOSITE type=kotlin.Boolean origin=DEFAULT_VALUE
          CONST Boolean type=kotlin.Boolean value=false
        can국가선택: COMPOSITE type=kotlin.Boolean origin=DEFAULT_VALUE
          CONST Boolean type=kotlin.Boolean value=false
        can모병: COMPOSITE type=kotlin.Boolean origin=DEFAULT_VALUE
          CONST Boolean type=kotlin.Boolean value=false
        can한계징병: COMPOSITE type=kotlin.Boolean origin=DEFAULT_VALUE
          CONST Boolean type=kotlin.Boolean value=false
        can고급병종: COMPOSITE type=kotlin.Boolean origin=DEFAULT_VALUE
          CONST Boolean type=kotlin.Boolean value=false
        can선양: COMPOSITE type=kotlin.Boolean origin=DEFAULT_VALUE
          CONST Boolean type=kotlin.Boolean value=false
        minWarCrew: BLOCK type=kotlin.Int origin=FOLDED_ELVIS
          WHEN type=kotlin.Int origin=FOLDED_ELVIS
            BRANCH
              if: CALL 'public final fun ANDAND (arg0: kotlin.Boolean, arg1: kotlin.Boolean): kotlin.Boolean declared in kotlin.internal.ir' type=kotlin.Boolean origin=null
                arg0: COMPOSITE type=kotlin.Boolean origin=null
                  VAR IR_TEMPORARY_VARIABLE name:tmp3_safe_receiver type:kotlin.Number? [val]
                    BLOCK type=kotlin.Number? origin=SAFE_CALL
                      VAR IR_TEMPORARY_VARIABLE name:tmp2 type:kotlin.Any? [val]
                        CALL 'public final fun get <K, V> (key: K of kotlin.collections.MapsKt.get): V of kotlin.collections.MapsKt.get? [inline,operator] declared in kotlin.collections.MapsKt' type=kotlin.Any? origin=GET_ARRAY_ELEMENT
                          <K>: kotlin.Any?
                          <V>: kotlin.Any?
                          $receiver: GET_VAR 'val raw: kotlin.collections.Map<*, *> [val] declared in com.opensam.engine.ai.NpcPolicyBuilder.buildGeneralPolicy' type=kotlin.collections.Map<*, *> origin=null
                          key: CONST String type=kotlin.String value="minWarCrew"
                      WHEN type=kotlin.Number? origin=null
                        BRANCH
                          if: TYPE_OP type=kotlin.Boolean origin=INSTANCEOF typeOperand=kotlin.Number
                            GET_VAR 'val tmp2: kotlin.Any? [val] declared in com.opensam.engine.ai.NpcPolicyBuilder.buildGeneralPolicy' type=kotlin.Any? origin=null
                          then: GET_VAR 'val tmp2: kotlin.Any? [val] declared in com.opensam.engine.ai.NpcPolicyBuilder.buildGeneralPolicy' type=kotlin.Any? origin=null
                        BRANCH
                          if: CONST Boolean type=kotlin.Boolean value=true
                          then: CONST Null type=kotlin.Number? value=null
                  CALL 'public final fun not (): kotlin.Boolean [operator] declared in kotlin.Boolean' type=kotlin.Boolean origin=null
                    $this: CALL 'public final fun EQEQ (arg0: kotlin.Any?, arg1: kotlin.Any?): kotlin.Boolean declared in kotlin.internal.ir' type=kotlin.Boolean origin=null
                      arg0: GET_VAR 'val tmp3_safe_receiver: kotlin.Number? [val] declared in com.opensam.engine.ai.NpcPolicyBuilder.buildGeneralPolicy' type=kotlin.Number? origin=null
                      arg1: CONST Null type=kotlin.Nothing? value=null
                arg1: COMPOSITE type=kotlin.Boolean origin=null
                  VAR IR_TEMPORARY_VARIABLE name:tmp4_elvis_lhs type:kotlin.Int [val]
                    CALL 'public abstract fun toInt (): kotlin.Int declared in kotlin.Number' type=kotlin.Int origin=null
                      $this: GET_VAR 'val tmp3_safe_receiver: kotlin.Number? [val] declared in com.opensam.engine.ai.NpcPolicyBuilder.buildGeneralPolicy' type=kotlin.Number? origin=null
                  CALL 'public final fun not (): kotlin.Boolean [operator] declared in kotlin.Boolean' type=kotlin.Boolean origin=null
                    $this: CALL 'public final fun EQEQ (arg0: kotlin.Any?, arg1: kotlin.Any?): kotlin.Boolean declared in kotlin.internal.ir' type=kotlin.Boolean origin=null
                      arg0: GET_VAR 'val tmp4_elvis_lhs: kotlin.Int [val] declared in com.opensam.engine.ai.NpcPolicyBuilder.buildGeneralPolicy' type=kotlin.Int origin=null
                      arg1: CONST Null type=kotlin.Nothing? value=null
              then: GET_VAR 'val tmp4_elvis_lhs: kotlin.Int [val] declared in com.opensam.engine.ai.NpcPolicyBuilder.buildGeneralPolicy' type=kotlin.Int origin=null
            BRANCH
              if: CONST Boolean type=kotlin.Boolean value=true
              then: CONST Int type=kotlin.Int value=500
        properWarTrainAtmos: BLOCK type=kotlin.Int origin=FOLDED_ELVIS
          WHEN type=kotlin.Int origin=FOLDED_ELVIS
            BRANCH
              if: CALL 'public final fun ANDAND (arg0: kotlin.Boolean, arg1: kotlin.Boolean): kotlin.Boolean declared in kotlin.internal.ir' type=kotlin.Boolean origin=null
                arg0: COMPOSITE type=kotlin.Boolean origin=null
                  VAR IR_TEMPORARY_VARIABLE name:tmp5_safe_receiver type:kotlin.Number? [val]
                    BLOCK type=kotlin.Number? origin=SAFE_CALL
                      VAR IR_TEMPORARY_VARIABLE name:tmp3 type:kotlin.Any? [val]
                        CALL 'public final fun get <K, V> (key: K of kotlin.collections.MapsKt.get): V of kotlin.collections.MapsKt.get? [inline,operator] declared in kotlin.collections.MapsKt' type=kotlin.Any? origin=GET_ARRAY_ELEMENT
                          <K>: kotlin.Any?
                          <V>: kotlin.Any?
                          $receiver: GET_VAR 'val raw: kotlin.collections.Map<*, *> [val] declared in com.opensam.engine.ai.NpcPolicyBuilder.buildGeneralPolicy' type=kotlin.collections.Map<*, *> origin=null
                          key: CONST String type=kotlin.String value="properWarTrainAtmos"
                      WHEN type=kotlin.Number? origin=null
                        BRANCH
                          if: TYPE_OP type=kotlin.Boolean origin=INSTANCEOF typeOperand=kotlin.Number
                            GET_VAR 'val tmp3: kotlin.Any? [val] declared in com.opensam.engine.ai.NpcPolicyBuilder.buildGeneralPolicy' type=kotlin.Any? origin=null
                          then: GET_VAR 'val tmp3: kotlin.Any? [val] declared in com.opensam.engine.ai.NpcPolicyBuilder.buildGeneralPolicy' type=kotlin.Any? origin=null
                        BRANCH
                          if: CONST Boolean type=kotlin.Boolean value=true
                          then: CONST Null type=kotlin.Number? value=null
                  CALL 'public final fun not (): kotlin.Boolean [operator] declared in kotlin.Boolean' type=kotlin.Boolean origin=null
                    $this: CALL 'public final fun EQEQ (arg0: kotlin.Any?, arg1: kotlin.Any?): kotlin.Boolean declared in kotlin.internal.ir' type=kotlin.Boolean origin=null
                      arg0: GET_VAR 'val tmp5_safe_receiver: kotlin.Number? [val] declared in com.opensam.engine.ai.NpcPolicyBuilder.buildGeneralPolicy' type=kotlin.Number? origin=null
                      arg1: CONST Null type=kotlin.Nothing? value=null
                arg1: COMPOSITE type=kotlin.Boolean origin=null
                  VAR IR_TEMPORARY_VARIABLE name:tmp6_elvis_lhs type:kotlin.Int [val]
                    CALL 'public abstract fun toInt (): kotlin.Int declared in kotlin.Number' type=kotlin.Int origin=null
                      $this: GET_VAR 'val tmp5_safe_receiver: kotlin.Number? [val] declared in com.opensam.engine.ai.NpcPolicyBuilder.buildGeneralPolicy' type=kotlin.Number? origin=null
                  CALL 'public final fun not (): kotlin.Boolean [operator] declared in kotlin.Boolean' type=kotlin.Boolean origin=null
                    $this: CALL 'public final fun EQEQ (arg0: kotlin.Any?, arg1: kotlin.Any?): kotlin.Boolean declared in kotlin.internal.ir' type=kotlin.Boolean origin=null
                      arg0: GET_VAR 'val tmp6_elvis_lhs: kotlin.Int [val] declared in com.opensam.engine.ai.NpcPolicyBuilder.buildGeneralPolicy' type=kotlin.Int origin=null
                      arg1: CONST Null type=kotlin.Nothing? value=null
              then: GET_VAR 'val tmp6_elvis_lhs: kotlin.Int [val] declared in com.opensam.engine.ai.NpcPolicyBuilder.buildGeneralPolicy' type=kotlin.Int origin=null
            BRANCH
              if: CONST Boolean type=kotlin.Boolean value=true
              then: CONST Int type=kotlin.Int value=80
        $mask0: CONST Int type=kotlin.Int value=1048574
        $marker: CONST Null type=kotlin.jvm.internal.DefaultConstructorMarker? value=null

	at org.jetbrains.kotlin.backend.jvm.codegen.FunctionCodegen.generate(FunctionCodegen.kt:48)
	at org.jetbrains.kotlin.backend.jvm.codegen.FunctionCodegen.generate$default(FunctionCodegen.kt:41)
	at org.jetbrains.kotlin.backend.jvm.codegen.ClassCodegen.generateMethodNode(ClassCodegen.kt:407)
	at org.jetbrains.kotlin.backend.jvm.codegen.ClassCodegen.generateMethod(ClassCodegen.kt:424)
	at org.jetbrains.kotlin.backend.jvm.codegen.ClassCodegen.generate(ClassCodegen.kt:169)
	at org.jetbrains.kotlin.backend.jvm.FileCodegen.lower(JvmPhases.kt:39)
	at org.jetbrains.kotlin.backend.common.phaser.PhaseFactoriesKt.createFilePhase$lambda$4(PhaseFactories.kt:71)
	at org.jetbrains.kotlin.backend.common.phaser.PhaseBuildersKt$createSimpleNamedCompilerPhase$1.phaseBody(PhaseBuilders.kt:69)
	at org.jetbrains.kotlin.backend.common.phaser.SimpleNamedCompilerPhase.phaseBody(CompilerPhase.kt:226)
	at org.jetbrains.kotlin.backend.common.phaser.AbstractNamedCompilerPhase.invoke(CompilerPhase.kt:113)
	at org.jetbrains.kotlin.backend.common.phaser.PerformByIrFilePhase.invokeSequential(performByIrFile.kt:52)
	... 47 more
Caused by: java.lang.OutOfMemoryError: GC overhead limit exceeded
	at java.base/java.util.Arrays.copyOfRange(Arrays.java:3822)
	at java.base/java.lang.StringLatin1.newString(StringLatin1.java:769)
	at java.base/java.lang.StringBuilder.toString(StringBuilder.java:453)
	at org.jetbrains.kotlin.ir.util.IrUtilsKt.getFqNameWhenAvailable(IrUtils.kt:335)
	at org.jetbrains.kotlin.backend.jvm.intrinsics.IrIntrinsicMethods$Companion.computeParameterFqName(IrIntrinsicMethods.kt:254)
	at org.jetbrains.kotlin.backend.jvm.intrinsics.IrIntrinsicMethods$Companion.computeParameterFqName(IrIntrinsicMethods.kt:249)
	at org.jetbrains.kotlin.backend.jvm.intrinsics.IrIntrinsicMethods$Companion.computeValueParameterFqNames(IrIntrinsicMethods.kt:261)
	at org.jetbrains.kotlin.backend.jvm.intrinsics.IrIntrinsicMethods$Companion.access$computeValueParameterFqNames(IrIntrinsicMethods.kt:217)
	at org.jetbrains.kotlin.backend.jvm.intrinsics.IrIntrinsicMethods.getIntrinsic(IrIntrinsicMethods.kt:159)
	at org.jetbrains.kotlin.backend.jvm.JvmIrCodegenFactory.invokeLowerings$lambda$12(JvmIrCodegenFactory.kt:348)
	at org.jetbrains.kotlin.backend.jvm.JvmIrCodegenFactory$$Lambda$2265/0x0000000132962ac8.invoke(Unknown Source)
	at org.jetbrains.kotlin.backend.jvm.codegen.ExpressionCodegen.visitConstructorCall(ExpressionCodegen.kt:690)
	at org.jetbrains.kotlin.backend.jvm.codegen.ExpressionCodegen.visitConstructorCall(ExpressionCodegen.kt:134)
	at org.jetbrains.kotlin.ir.expressions.IrConstructorCall.accept(IrConstructorCall.kt:27)
	at org.jetbrains.kotlin.backend.jvm.codegen.ExpressionCodegen.visitReturn(ExpressionCodegen.kt:1000)
	at org.jetbrains.kotlin.backend.jvm.codegen.ExpressionCodegen.visitReturn(ExpressionCodegen.kt:134)
	at org.jetbrains.kotlin.ir.expressions.IrReturn.accept(IrReturn.kt:24)
	at org.jetbrains.kotlin.backend.jvm.codegen.ExpressionCodegen.visitWhen(ExpressionCodegen.kt:1050)
	at org.jetbrains.kotlin.backend.jvm.codegen.ExpressionCodegen.visitWhen(ExpressionCodegen.kt:134)
	at org.jetbrains.kotlin.ir.expressions.IrWhen.accept(IrWhen.kt:24)
	at org.jetbrains.kotlin.backend.jvm.codegen.ExpressionCodegen.visitStatementContainer(ExpressionCodegen.kt:524)
	at org.jetbrains.kotlin.backend.jvm.codegen.ExpressionCodegen.visitContainerExpression(ExpressionCodegen.kt:538)
	at org.jetbrains.kotlin.backend.jvm.codegen.ExpressionCodegen.visitContainerExpression(ExpressionCodegen.kt:134)
	at org.jetbrains.kotlin.ir.visitors.IrElementVisitor$DefaultImpls.visitBlock(IrElementVisitor.kt:126)
	at org.jetbrains.kotlin.backend.jvm.codegen.ExpressionCodegen.visitBlock(ExpressionCodegen.kt:409)
	at org.jetbrains.kotlin.backend.jvm.codegen.ExpressionCodegen.visitBlock(ExpressionCodegen.kt:134)
	at org.jetbrains.kotlin.ir.expressions.IrBlock.accept(IrBlock.kt:18)
	at org.jetbrains.kotlin.backend.jvm.codegen.ExpressionCodegen.visitVariable(ExpressionCodegen.kt:735)
	at org.jetbrains.kotlin.backend.jvm.codegen.ExpressionCodegen.visitVariable(ExpressionCodegen.kt:134)
	at org.jetbrains.kotlin.ir.declarations.IrVariable.accept(IrVariable.kt:36)
	at org.jetbrains.kotlin.backend.jvm.codegen.ExpressionCodegen.visitStatementContainer(ExpressionCodegen.kt:524)
	at org.jetbrains.kotlin.backend.jvm.codegen.ExpressionCodegen.visitBlockBody(ExpressionCodegen.kt:529)


