kotlin version: 2.1.0
error message: java.lang.OutOfMemoryError: GC overhead limit exceeded
	at org.jetbrains.kotlin.fir.expressions.builder.FirAnnotationArgumentMappingBuilder.build(FirAnnotationArgumentMappingBuilder.kt:26)
	at org.jetbrains.kotlin.fir.java.deserialization.AnnotationsLoader$loadAnnotation$1.visitEnd(AnnotationsLoader.kt:210)
	at org.jetbrains.kotlin.load.kotlin.FileBasedKotlinClass$3.visitEnd(FileBasedKotlinClass.java:222)
	at org.jetbrains.org.objectweb.asm.ClassReader.readElementValues(ClassReader.java:2982)
	at org.jetbrains.org.objectweb.asm.ClassReader.readMethod(ClassReader.java:1399)
	at org.jetbrains.org.objectweb.asm.ClassReader.accept(ClassReader.java:712)
	at org.jetbrains.org.objectweb.asm.ClassReader.accept(ClassReader.java:395)
	at org.jetbrains.kotlin.load.kotlin.FileBasedKotlinClass.visitMembers(FileBasedKotlinClass.java:230)
	at org.jetbrains.kotlin.fir.java.deserialization.JvmBinaryAnnotationDeserializerKt.loadMemberAnnotations(JvmBinaryAnnotationDeserializer.kt:314)
	at org.jetbrains.kotlin.fir.java.deserialization.JvmBinaryAnnotationDeserializerKt.access$loadMemberAnnotations(JvmBinaryAnnotationDeserializer.kt:1)
	at org.jetbrains.kotlin.fir.java.deserialization.JvmBinaryAnnotationDeserializer.annotationInfo_delegate$lambda$0(JvmBinaryAnnotationDeserializer.kt:47)
	at org.jetbrains.kotlin.fir.java.deserialization.JvmBinaryAnnotationDeserializer$$Lambda$809/0x00000001295f7168.invoke(Unknown Source)
	at kotlin.SafePublicationLazyImpl.getValue(LazyJVM.kt:122)
	at org.jetbrains.kotlin.fir.java.deserialization.JvmBinaryAnnotationDeserializer.getAnnotationInfo(JvmBinaryAnnotationDeserializer.kt:46)
	at org.jetbrains.kotlin.fir.java.deserialization.JvmBinaryAnnotationDeserializer.findJvmBinaryClassAndLoadMemberAnnotations(JvmBinaryAnnotationDeserializer.kt:292)
	at org.jetbrains.kotlin.fir.java.deserialization.JvmBinaryAnnotationDeserializer.findJvmBinaryClassAndLoadMemberAnnotations$default(JvmBinaryAnnotationDeserializer.kt:286)
	at org.jetbrains.kotlin.fir.java.deserialization.JvmBinaryAnnotationDeserializer.loadExtensionReceiverParameterAnnotations(JvmBinaryAnnotationDeserializer.kt:207)
	at org.jetbrains.kotlin.fir.deserialization.FirMemberDeserializer.loadFunction(FirMemberDeserializer.kt:523)
	at org.jetbrains.kotlin.fir.deserialization.FirMemberDeserializer.loadFunction$default(FirMemberDeserializer.kt:513)
	at org.jetbrains.kotlin.fir.deserialization.AbstractFirDeserializedSymbolProvider.loadFunctionsByCallableId(AbstractFirDeserializedSymbolProvider.kt:263)
	at org.jetbrains.kotlin.fir.deserialization.AbstractFirDeserializedSymbolProvider.access$loadFunctionsByCallableId(AbstractFirDeserializedSymbolProvider.kt:94)
	at org.jetbrains.kotlin.fir.deserialization.AbstractFirDeserializedSymbolProvider$special$$inlined$createCache$3.invoke(FirCachesFactory.kt:73)
	at org.jetbrains.kotlin.fir.deserialization.AbstractFirDeserializedSymbolProvider$special$$inlined$createCache$3.invoke(FirCachesFactory.kt:71)
	at org.jetbrains.kotlin.fir.caches.FirThreadUnsafeCache.getValue(FirThreadUnsafeCachesFactory.kt:40)
	at org.jetbrains.kotlin.fir.deserialization.AbstractFirDeserializedSymbolProvider.getCallables(AbstractFirDeserializedSymbolProvider.kt:415)
	at org.jetbrains.kotlin.fir.deserialization.AbstractFirDeserializedSymbolProvider.getTopLevelFunctionSymbolsTo(AbstractFirDeserializedSymbolProvider.kt:348)
	at org.jetbrains.kotlin.fir.resolve.providers.impl.FirCachingCompositeSymbolProvider.computeTopLevelFunctions(FirCachingCompositeSymbolProvider.kt:135)
	at org.jetbrains.kotlin.fir.resolve.providers.impl.FirCachingCompositeSymbolProvider.access$computeTopLevelFunctions(FirCachingCompositeSymbolProvider.kt:27)
	at org.jetbrains.kotlin.fir.resolve.providers.impl.FirCachingCompositeSymbolProvider$special$$inlined$createCache$3.invoke(FirCachesFactory.kt:73)
	at org.jetbrains.kotlin.fir.resolve.providers.impl.FirCachingCompositeSymbolProvider$special$$inlined$createCache$3.invoke(FirCachesFactory.kt:71)
	at org.jetbrains.kotlin.fir.caches.FirThreadUnsafeCache.getValue(FirThreadUnsafeCachesFactory.kt:40)
	at org.jetbrains.kotlin.fir.resolve.providers.impl.FirCachingCompositeSymbolProvider.getTopLevelFunctionSymbolsTo(FirCachingCompositeSymbolProvider.kt:171)


