kotlin version: 2.1.0
error message: org.jetbrains.kotlin.backend.common.BackendException: Backend Internal error: Exception during IR lowering
File being compiled: /Users/apple/Desktop/opensam/backend/src/main/kotlin/com/opensam/engine/modifier/ItemModifiers.kt
The root cause java.lang.RuntimeException was thrown at: org.jetbrains.kotlin.backend.jvm.codegen.FunctionCodegen.generate(FunctionCodegen.kt:48)
	at org.jetbrains.kotlin.backend.common.CodegenUtil.reportBackendException(CodegenUtil.kt:253)
	at org.jetbrains.kotlin.backend.common.CodegenUtil.reportBackendException$default(CodegenUtil.kt:236)
	at org.jetbrains.kotlin.backend.common.phaser.PerformByIrFilePhase.invokeSequential(performByIrFile.kt:55)
	at org.jetbrains.kotlin.backend.common.phaser.PerformByIrFilePhase.invoke(performByIrFile.kt:42)
	at org.jetbrains.kotlin.backend.common.phaser.PerformByIrFilePhase.invoke(performByIrFile.kt:28)
	at org.jetbrains.kotlin.backend.common.phaser.NamedCompilerPhase.phaseBody(CompilerPhase.kt:166)
	at org.jetbrains.kotlin.backend.common.phaser.AbstractNamedCompilerPhase.invoke(CompilerPhase.kt:113)
	at org.jetbrains.kotlin.backend.common.phaser.CompositePhase.invoke(PhaseBuilders.kt:27)
	at org.jetbrains.kotlin.backend.common.phaser.CompositePhase.invoke(PhaseBuilders.kt:14)
	at org.jetbrains.kotlin.backend.common.phaser.NamedCompilerPhase.phaseBody(CompilerPhase.kt:166)
	at org.jetbrains.kotlin.backend.common.phaser.AbstractNamedCompilerPhase.invoke(CompilerPhase.kt:113)
	at org.jetbrains.kotlin.backend.common.phaser.CompilerPhaseKt.invokeToplevel(CompilerPhase.kt:62)
	at org.jetbrains.kotlin.backend.jvm.JvmIrCodegenFactory.invokeCodegen(JvmIrCodegenFactory.kt:371)
	at org.jetbrains.kotlin.codegen.CodegenFactory.generateModule(CodegenFactory.kt:47)
	at org.jetbrains.kotlin.backend.jvm.JvmIrCodegenFactory.generateModuleInFrontendIRMode(JvmIrCodegenFactory.kt:433)
	at org.jetbrains.kotlin.cli.jvm.compiler.pipeline.JvmCompilerPipelineKt.generateCodeFromIr(jvmCompilerPipeline.kt:192)
	at org.jetbrains.kotlin.cli.jvm.compiler.pipeline.JvmCompilerPipelineKt.runBackend(jvmCompilerPipeline.kt:80)
	at org.jetbrains.kotlin.cli.jvm.compiler.pipeline.JvmCompilerPipelineLightTreeKt.compileModule(jvmCompilerPipelineLightTree.kt:264)
	at org.jetbrains.kotlin.cli.jvm.compiler.pipeline.JvmCompilerPipelineLightTreeKt.compileSingleModuleUsingFrontendIrAndLightTree(jvmCompilerPipelineLightTree.kt:231)
	at org.jetbrains.kotlin.cli.jvm.compiler.pipeline.JvmCompilerPipelineLightTreeKt.compileModulesUsingFrontendIrAndLightTree(jvmCompilerPipelineLightTree.kt:86)
	at org.jetbrains.kotlin.cli.jvm.K2JVMCompiler.doExecute(K2JVMCompiler.kt:146)
	at org.jetbrains.kotlin.cli.jvm.K2JVMCompiler.doExecute(K2JVMCompiler.kt:43)
	at org.jetbrains.kotlin.cli.common.CLICompiler.execImpl(CLICompiler.kt:102)
	at org.jetbrains.kotlin.cli.common.CLICompiler.exec(CLICompiler.kt:316)
	at org.jetbrains.kotlin.incremental.IncrementalJvmCompilerRunner.runCompiler(IncrementalJvmCompilerRunner.kt:464)
	at org.jetbrains.kotlin.incremental.IncrementalJvmCompilerRunner.runCompiler(IncrementalJvmCompilerRunner.kt:73)
	at org.jetbrains.kotlin.incremental.IncrementalCompilerRunner.doCompile(IncrementalCompilerRunner.kt:506)
	at org.jetbrains.kotlin.incremental.IncrementalCompilerRunner.compileImpl(IncrementalCompilerRunner.kt:423)
	at org.jetbrains.kotlin.incremental.IncrementalCompilerRunner.compileNonIncrementally(IncrementalCompilerRunner.kt:301)
	at org.jetbrains.kotlin.incremental.IncrementalCompilerRunner.compile(IncrementalCompilerRunner.kt:129)
	at org.jetbrains.kotlin.daemon.CompileServiceImplBase.execIncrementalCompiler(CompileServiceImpl.kt:674)
	at org.jetbrains.kotlin.daemon.CompileServiceImplBase.access$execIncrementalCompiler(CompileServiceImpl.kt:91)
	at org.jetbrains.kotlin.daemon.CompileServiceImpl.compile(CompileServiceImpl.kt:1659)
	at jdk.internal.reflect.GeneratedMethodAccessor11.invoke(Unknown Source)
	at java.base/jdk.internal.reflect.DelegatingMethodAccessorImpl.invoke(DelegatingMethodAccessorImpl.java:43)
	at java.base/java.lang.reflect.Method.invoke(Method.java:569)
	at java.rmi/sun.rmi.server.UnicastServerRef.dispatch(UnicastServerRef.java:360)
	at java.rmi/sun.rmi.transport.Transport$1.run(Transport.java:200)
	at java.rmi/sun.rmi.transport.Transport$1.run(Transport.java:197)
	at java.base/java.security.AccessController.doPrivileged(AccessController.java:712)
	at java.rmi/sun.rmi.transport.Transport.serviceCall(Transport.java:196)
	at java.rmi/sun.rmi.transport.tcp.TCPTransport.handleMessages(TCPTransport.java:587)
	at java.rmi/sun.rmi.transport.tcp.TCPTransport$ConnectionHandler.run0(TCPTransport.java:828)
	at java.rmi/sun.rmi.transport.tcp.TCPTransport$ConnectionHandler.lambda$run$0(TCPTransport.java:705)
	at java.base/java.security.AccessController.doPrivileged(AccessController.java:399)
	at java.rmi/sun.rmi.transport.tcp.TCPTransport$ConnectionHandler.run(TCPTransport.java:704)
	at java.base/java.util.concurrent.ThreadPoolExecutor.runWorker(ThreadPoolExecutor.java:1136)
	at java.base/java.util.concurrent.ThreadPoolExecutor$Worker.run(ThreadPoolExecutor.java:635)
	at java.base/java.lang.Thread.run(Thread.java:840)
Caused by: java.lang.RuntimeException: Exception while generating code for:
FUN name:onCalcDomestic visibility:public modality:OPEN <> ($this:com.opensam.engine.modifier.MiscItem, ctx:com.opensam.engine.modifier.DomesticContext) returnType:com.opensam.engine.modifier.DomesticContext
  overridden:
    public open fun onCalcDomestic (ctx: com.opensam.engine.modifier.DomesticContext): com.opensam.engine.modifier.DomesticContext declared in com.opensam.engine.modifier.ActionModifier
  $this: VALUE_PARAMETER name:<this> type:com.opensam.engine.modifier.MiscItem
  VALUE_PARAMETER name:ctx index:0 type:com.opensam.engine.modifier.DomesticContext
  BLOCK_BODY
    COMPOSITE type=kotlin.Unit origin=null
      VAR name:c type:kotlin.jvm.internal.Ref.ObjectRef<com.opensam.engine.modifier.DomesticContext> [val]
        CONSTRUCTOR_CALL 'public constructor <init> () declared in kotlin.jvm.internal.Ref.ObjectRef' type=kotlin.jvm.internal.Ref.ObjectRef<com.opensam.engine.modifier.DomesticContext> origin=null
          <class: T>: com.opensam.engine.modifier.DomesticContext
      SET_FIELD 'FIELD IR_BUILTINS_STUB name:element type:T of kotlin.jvm.internal.Ref.ObjectRef visibility:public declared in kotlin.jvm.internal.Ref.ObjectRef' type=kotlin.Unit origin=null
        receiver: GET_VAR 'val c: kotlin.jvm.internal.Ref.ObjectRef<com.opensam.engine.modifier.DomesticContext> [val] declared in com.opensam.engine.modifier.MiscItem.onCalcDomestic' type=kotlin.jvm.internal.Ref.ObjectRef<com.opensam.engine.modifier.DomesticContext> origin=null
        value: GET_VAR 'ctx: com.opensam.engine.modifier.DomesticContext declared in com.opensam.engine.modifier.MiscItem.onCalcDomestic' type=com.opensam.engine.modifier.DomesticContext origin=null
    COMPOSITE type=kotlin.Unit origin=null
      BLOCK type=kotlin.Unit? origin=FOLDED_SAFE_CALL
        WHEN type=kotlin.Unit? origin=FOLDED_SAFE_CALL
          BRANCH
            if: COMPOSITE type=kotlin.Boolean origin=null
              VAR IR_TEMPORARY_VARIABLE name:tmp0_safe_receiver type:kotlin.Double? [val]
                CALL 'public abstract fun get (key: K of kotlin.collections.Map): V of kotlin.collections.Map? [operator] declared in kotlin.collections.Map' type=kotlin.Double? origin=GET_ARRAY_ELEMENT
                  $this: GET_FIELD 'FIELD PROPERTY_BACKING_FIELD name:statMods type:kotlin.collections.Map<kotlin.String, kotlin.Double> visibility:private [final]' type=kotlin.collections.Map<kotlin.String, kotlin.Double> origin=null
                    receiver: GET_VAR '<this>: com.opensam.engine.modifier.MiscItem declared in com.opensam.engine.modifier.MiscItem.onCalcDomestic' type=com.opensam.engine.modifier.MiscItem origin=null
                  key: CONST String type=kotlin.String value="domesticSuccess"
              CALL 'public final fun not (): kotlin.Boolean [operator] declared in kotlin.Boolean' type=kotlin.Boolean origin=null
                $this: CALL 'public final fun EQEQ (arg0: kotlin.Any?, arg1: kotlin.Any?): kotlin.Boolean declared in kotlin.internal.ir' type=kotlin.Boolean origin=null
                  arg0: GET_VAR 'val tmp0_safe_receiver: kotlin.Double? [val] declared in com.opensam.engine.modifier.MiscItem.onCalcDomestic' type=kotlin.Double? origin=null
                  arg1: CONST Null type=kotlin.Nothing? value=null
            then: CALL 'public final fun let <T, R> (block: kotlin.Function1<T of kotlin.StandardKt.let, R of kotlin.StandardKt.let>): R of kotlin.StandardKt.let [inline] declared in kotlin.StandardKt' type=kotlin.Unit origin=null
              <T>: kotlin.Double
              <R>: kotlin.Unit
              $receiver: GET_VAR 'val tmp0_safe_receiver: kotlin.Double? [val] declared in com.opensam.engine.modifier.MiscItem.onCalcDomestic' type=kotlin.Double? origin=null
              block: BLOCK type=kotlin.Function1<kotlin.Double, kotlin.Unit> origin=LAMBDA
                COMPOSITE type=kotlin.Unit origin=null
                FUNCTION_REFERENCE 'private final fun onCalcDomestic$lambda$15 ($c: kotlin.jvm.internal.Ref.ObjectRef<com.opensam.engine.modifier.DomesticContext>, it: kotlin.Double): kotlin.Unit declared in com.opensam.engine.modifier.MiscItem' type=kotlin.Function1<kotlin.Double, kotlin.Unit> origin=INLINE_LAMBDA reflectionTarget=null
                  $c: GET_VAR 'val c: kotlin.jvm.internal.Ref.ObjectRef<com.opensam.engine.modifier.DomesticContext> [val] declared in com.opensam.engine.modifier.MiscItem.onCalcDomestic' type=kotlin.jvm.internal.Ref.ObjectRef<com.opensam.engine.modifier.DomesticContext> origin=null
          BRANCH
            if: CONST Boolean type=kotlin.Boolean value=true
            then: CONST Null type=kotlin.Nothing? value=null
    COMPOSITE type=kotlin.Unit origin=null
      BLOCK type=kotlin.Unit? origin=FOLDED_SAFE_CALL
        WHEN type=kotlin.Unit? origin=FOLDED_SAFE_CALL
          BRANCH
            if: COMPOSITE type=kotlin.Boolean origin=null
              VAR IR_TEMPORARY_VARIABLE name:tmp1_safe_receiver type:kotlin.Double? [val]
                CALL 'public abstract fun get (key: K of kotlin.collections.Map): V of kotlin.collections.Map? [operator] declared in kotlin.collections.Map' type=kotlin.Double? origin=GET_ARRAY_ELEMENT
                  $this: GET_FIELD 'FIELD PROPERTY_BACKING_FIELD name:statMods type:kotlin.collections.Map<kotlin.String, kotlin.Double> visibility:private [final]' type=kotlin.collections.Map<kotlin.String, kotlin.Double> origin=null
                    receiver: GET_VAR '<this>: com.opensam.engine.modifier.MiscItem declared in com.opensam.engine.modifier.MiscItem.onCalcDomestic' type=com.opensam.engine.modifier.MiscItem origin=null
                  key: CONST String type=kotlin.String value="domesticSabotageSuccess"
              CALL 'public final fun not (): kotlin.Boolean [operator] declared in kotlin.Boolean' type=kotlin.Boolean origin=null
                $this: CALL 'public final fun EQEQ (arg0: kotlin.Any?, arg1: kotlin.Any?): kotlin.Boolean declared in kotlin.internal.ir' type=kotlin.Boolean origin=null
                  arg0: GET_VAR 'val tmp1_safe_receiver: kotlin.Double? [val] declared in com.opensam.engine.modifier.MiscItem.onCalcDomestic' type=kotlin.Double? origin=null
                  arg1: CONST Null type=kotlin.Nothing? value=null
            then: CALL 'public final fun let <T, R> (block: kotlin.Function1<T of kotlin.StandardKt.let, R of kotlin.StandardKt.let>): R of kotlin.StandardKt.let [inline] declared in kotlin.StandardKt' type=kotlin.Unit origin=null
              <T>: kotlin.Double
              <R>: kotlin.Unit
              $receiver: GET_VAR 'val tmp1_safe_receiver: kotlin.Double? [val] declared in com.opensam.engine.modifier.MiscItem.onCalcDomestic' type=kotlin.Double? origin=null
              block: BLOCK type=kotlin.Function1<kotlin.Double, kotlin.Unit> origin=LAMBDA
                COMPOSITE type=kotlin.Unit origin=null
                FUNCTION_REFERENCE 'private final fun onCalcDomestic$lambda$16 ($c: kotlin.jvm.internal.Ref.ObjectRef<com.opensam.engine.modifier.DomesticContext>, it: kotlin.Double): kotlin.Unit declared in com.opensam.engine.modifier.MiscItem' type=kotlin.Function1<kotlin.Double, kotlin.Unit> origin=INLINE_LAMBDA reflectionTarget=null
                  $c: GET_VAR 'val c: kotlin.jvm.internal.Ref.ObjectRef<com.opensam.engine.modifier.DomesticContext> [val] declared in com.opensam.engine.modifier.MiscItem.onCalcDomestic' type=kotlin.jvm.internal.Ref.ObjectRef<com.opensam.engine.modifier.DomesticContext> origin=null
          BRANCH
            if: CONST Boolean type=kotlin.Boolean value=true
            then: CONST Null type=kotlin.Nothing? value=null
    COMPOSITE type=kotlin.Unit origin=null
      BLOCK type=kotlin.Unit? origin=FOLDED_SAFE_CALL
        WHEN type=kotlin.Unit? origin=FOLDED_SAFE_CALL
          BRANCH
            if: COMPOSITE type=kotlin.Boolean origin=null
              VAR IR_TEMPORARY_VARIABLE name:tmp2_safe_receiver type:kotlin.Double? [val]
                CALL 'public abstract fun get (key: K of kotlin.collections.Map): V of kotlin.collections.Map? [operator] declared in kotlin.collections.Map' type=kotlin.Double? origin=GET_ARRAY_ELEMENT
                  $this: GET_FIELD 'FIELD PROPERTY_BACKING_FIELD name:statMods type:kotlin.collections.Map<kotlin.String, kotlin.Double> visibility:private [final]' type=kotlin.collections.Map<kotlin.String, kotlin.Double> origin=null
                    receiver: GET_VAR '<this>: com.opensam.engine.modifier.MiscItem declared in com.opensam.engine.modifier.MiscItem.onCalcDomestic' type=com.opensam.engine.modifier.MiscItem origin=null
                  key: CONST String type=kotlin.String value="domesticSupplySuccess"
              CALL 'public final fun not (): kotlin.Boolean [operator] declared in kotlin.Boolean' type=kotlin.Boolean origin=null
                $this: CALL 'public final fun EQEQ (arg0: kotlin.Any?, arg1: kotlin.Any?): kotlin.Boolean declared in kotlin.internal.ir' type=kotlin.Boolean origin=null
                  arg0: GET_VAR 'val tmp2_safe_receiver: kotlin.Double? [val] declared in com.opensam.engine.modifier.MiscItem.onCalcDomestic' type=kotlin.Double? origin=null
                  arg1: CONST Null type=kotlin.Nothing? value=null
            then: CALL 'public final fun let <T, R> (block: kotlin.Function1<T of kotlin.StandardKt.let, R of kotlin.StandardKt.let>): R of kotlin.StandardKt.let [inline] declared in kotlin.StandardKt' type=kotlin.Unit origin=null
              <T>: kotlin.Double
              <R>: kotlin.Unit
              $receiver: GET_VAR 'val tmp2_safe_receiver: kotlin.Double? [val] declared in com.opensam.engine.modifier.MiscItem.onCalcDomestic' type=kotlin.Double? origin=null
              block: BLOCK type=kotlin.Function1<kotlin.Double, kotlin.Unit> origin=LAMBDA
                COMPOSITE type=kotlin.Unit origin=null
                FUNCTION_REFERENCE 'private final fun onCalcDomestic$lambda$17 ($c: kotlin.jvm.internal.Ref.ObjectRef<com.opensam.engine.modifier.DomesticContext>, it: kotlin.Double): kotlin.Unit declared in com.opensam.engine.modifier.MiscItem' type=kotlin.Function1<kotlin.Double, kotlin.Unit> origin=INLINE_LAMBDA reflectionTarget=null
                  $c: GET_VAR 'val c: kotlin.jvm.internal.Ref.ObjectRef<com.opensam.engine.modifier.DomesticContext> [val] declared in com.opensam.engine.modifier.MiscItem.onCalcDomestic' type=kotlin.jvm.internal.Ref.ObjectRef<com.opensam.engine.modifier.DomesticContext> origin=null
          BRANCH
            if: CONST Boolean type=kotlin.Boolean value=true
            then: CONST Null type=kotlin.Nothing? value=null
    COMPOSITE type=kotlin.Unit origin=null
      BLOCK type=kotlin.Unit? origin=FOLDED_SAFE_CALL
        WHEN type=kotlin.Unit? origin=FOLDED_SAFE_CALL
          BRANCH
            if: COMPOSITE type=kotlin.Boolean origin=null
              VAR IR_TEMPORARY_VARIABLE name:tmp3_safe_receiver type:kotlin.Double? [val]
                CALL 'public abstract fun get (key: K of kotlin.collections.Map): V of kotlin.collections.Map? [operator] declared in kotlin.collections.Map' type=kotlin.Double? origin=GET_ARRAY_ELEMENT
                  $this: GET_FIELD 'FIELD PROPERTY_BACKING_FIELD name:statMods type:kotlin.collections.Map<kotlin.String, kotlin.Double> visibility:private [final]' type=kotlin.collections.Map<kotlin.String, kotlin.Double> origin=null
                    receiver: GET_VAR '<this>: com.opensam.engine.modifier.MiscItem declared in com.opensam.engine.modifier.MiscItem.onCalcDomestic' type=com.opensam.engine.modifier.MiscItem origin=null
                  key: CONST String type=kotlin.String value="domesticSupplyScore"
              CALL 'public final fun not (): kotlin.Boolean [operator] declared in kotlin.Boolean' type=kotlin.Boolean origin=null
                $this: CALL 'public final fun EQEQ (arg0: kotlin.Any?, arg1: kotlin.Any?): kotlin.Boolean declared in kotlin.internal.ir' type=kotlin.Boolean origin=null
                  arg0: GET_VAR 'val tmp3_safe_receiver: kotlin.Double? [val] declared in com.opensam.engine.modifier.MiscItem.onCalcDomestic' type=kotlin.Double? origin=null
                  arg1: CONST Null type=kotlin.Nothing? value=null
            then: CALL 'public final fun let <T, R> (block: kotlin.Function1<T of kotlin.StandardKt.let, R of kotlin.StandardKt.let>): R of kotlin.StandardKt.let [inline] declared in kotlin.StandardKt' type=kotlin.Unit origin=null
              <T>: kotlin.Double
              <R>: kotlin.Unit
              $receiver: GET_VAR 'val tmp3_safe_receiver: kotlin.Double? [val] declared in com.opensam.engine.modifier.MiscItem.onCalcDomestic' type=kotlin.Double? origin=null
              block: BLOCK type=kotlin.Function1<kotlin.Double, kotlin.Unit> origin=LAMBDA
                COMPOSITE type=kotlin.Unit origin=null
                FUNCTION_REFERENCE 'private final fun onCalcDomestic$lambda$18 ($c: kotlin.jvm.internal.Ref.ObjectRef<com.opensam.engine.modifier.DomesticContext>, it: kotlin.Double): kotlin.Unit declared in com.opensam.engine.modifier.MiscItem' type=kotlin.Function1<kotlin.Double, kotlin.Unit> origin=INLINE_LAMBDA reflectionTarget=null
                  $c: GET_VAR 'val c: kotlin.jvm.internal.Ref.ObjectRef<com.opensam.engine.modifier.DomesticContext> [val] declared in com.opensam.engine.modifier.MiscItem.onCalcDomestic' type=kotlin.jvm.internal.Ref.ObjectRef<com.opensam.engine.modifier.DomesticContext> origin=null
          BRANCH
            if: CONST Boolean type=kotlin.Boolean value=true
            then: CONST Null type=kotlin.Nothing? value=null
    RETURN type=kotlin.Nothing from='public open fun onCalcDomestic (ctx: com.opensam.engine.modifier.DomesticContext): com.opensam.engine.modifier.DomesticContext declared in com.opensam.engine.modifier.MiscItem'
      GET_FIELD 'FIELD IR_BUILTINS_STUB name:element type:T of kotlin.jvm.internal.Ref.ObjectRef visibility:public declared in kotlin.jvm.internal.Ref.ObjectRef' type=com.opensam.engine.modifier.DomesticContext origin=null
        receiver: GET_VAR 'val c: kotlin.jvm.internal.Ref.ObjectRef<com.opensam.engine.modifier.DomesticContext> [val] declared in com.opensam.engine.modifier.MiscItem.onCalcDomestic' type=kotlin.jvm.internal.Ref.ObjectRef<com.opensam.engine.modifier.DomesticContext> origin=null

	at org.jetbrains.kotlin.backend.jvm.codegen.FunctionCodegen.generate(FunctionCodegen.kt:48)
	at org.jetbrains.kotlin.backend.jvm.codegen.FunctionCodegen.generate$default(FunctionCodegen.kt:41)
	at org.jetbrains.kotlin.backend.jvm.codegen.ClassCodegen.generateMethodNode(ClassCodegen.kt:407)
	at org.jetbrains.kotlin.backend.jvm.codegen.ClassCodegen.generateMethod(ClassCodegen.kt:424)
	at org.jetbrains.kotlin.backend.jvm.codegen.ClassCodegen.generate(ClassCodegen.kt:169)
	at org.jetbrains.kotlin.backend.jvm.FileCodegen.lower(JvmPhases.kt:39)
	at org.jetbrains.kotlin.backend.common.phaser.PhaseFactoriesKt.createFilePhase$lambda$4(PhaseFactories.kt:71)
	at org.jetbrains.kotlin.backend.common.phaser.PhaseBuildersKt$createSimpleNamedCompilerPhase$1.phaseBody(PhaseBuilders.kt:69)
	at org.jetbrains.kotlin.backend.common.phaser.SimpleNamedCompilerPhase.phaseBody(CompilerPhase.kt:226)
	at org.jetbrains.kotlin.backend.common.phaser.AbstractNamedCompilerPhase.invoke(CompilerPhase.kt:113)
	at org.jetbrains.kotlin.backend.common.phaser.PerformByIrFilePhase.invokeSequential(performByIrFile.kt:52)
	... 46 more
Caused by: java.lang.OutOfMemoryError: GC overhead limit exceeded
	at org.jetbrains.org.objectweb.asm.tree.MethodNode.visitInsn(MethodNode.java:343)
	at org.jetbrains.org.objectweb.asm.MethodVisitor.visitInsn(MethodVisitor.java:324)
	at org.jetbrains.kotlin.codegen.inline.MaxStackFrameSizeAndLocalsCalculator.visitInsn(MaxStackFrameSizeAndLocalsCalculator.kt:83)
	at org.jetbrains.org.objectweb.asm.MethodVisitor.visitInsn(MethodVisitor.java:324)
	at org.jetbrains.org.objectweb.asm.MethodVisitor.visitInsn(MethodVisitor.java:324)
	at org.jetbrains.org.objectweb.asm.commons.InstructionAdapter.aconst(InstructionAdapter.java:697)
	at org.jetbrains.org.objectweb.asm.commons.InstructionAdapter.visitInsn(InstructionAdapter.java:81)
	at org.jetbrains.org.objectweb.asm.tree.InsnNode.accept(InsnNode.java:65)
	at org.jetbrains.org.objectweb.asm.tree.InsnList.accept(InsnList.java:144)
	at org.jetbrains.org.objectweb.asm.tree.MethodNode.accept(MethodNode.java:751)
	at org.jetbrains.kotlin.codegen.inline.MethodInliner.doInline(MethodInliner.kt:433)
	at org.jetbrains.kotlin.codegen.inline.MethodInliner.doInline(MethodInliner.kt:98)
	at org.jetbrains.kotlin.codegen.inline.MethodInliner.access$doInline(MethodInliner.kt:41)
	at org.jetbrains.kotlin.codegen.inline.MethodInliner$doInline$lambdaInliner$1.visitMethodInsn(MethodInliner.kt:353)
	at org.jetbrains.org.objectweb.asm.tree.MethodInsnNode.accept(MethodInsnNode.java:115)
	at org.jetbrains.org.objectweb.asm.tree.InsnList.accept(InsnList.java:144)
	at org.jetbrains.org.objectweb.asm.tree.MethodNode.accept(MethodNode.java:751)
	at org.jetbrains.kotlin.codegen.inline.MethodInliner.doInline(MethodInliner.kt:433)
	at org.jetbrains.kotlin.codegen.inline.MethodInliner.doInline(MethodInliner.kt:98)
	at org.jetbrains.kotlin.codegen.inline.MethodInliner.doInline(MethodInliner.kt:72)
	at org.jetbrains.kotlin.codegen.inline.InlineCodegen.inlineCall(InlineCodegen.kt:127)
	at org.jetbrains.kotlin.codegen.inline.InlineCodegen.performInline(InlineCodegen.kt:52)
	at org.jetbrains.kotlin.backend.jvm.codegen.IrInlineCodegen.genInlineCall(IrInlineCodegen.kt:163)
	at org.jetbrains.kotlin.backend.jvm.codegen.IrInlineCallGenerator.genCall(IrInlineCallGenerator.kt:36)
	at org.jetbrains.kotlin.backend.jvm.codegen.ExpressionCodegen.visitCall(ExpressionCodegen.kt:598)
	at org.jetbrains.kotlin.backend.jvm.codegen.ExpressionCodegen.visitCall(ExpressionCodegen.kt:134)
	at org.jetbrains.kotlin.ir.expressions.IrCall.accept(IrCall.kt:24)
	at org.jetbrains.kotlin.backend.jvm.codegen.ExpressionCodegen.visitWhen(ExpressionCodegen.kt:1050)
	at org.jetbrains.kotlin.backend.jvm.codegen.ExpressionCodegen.visitWhen(ExpressionCodegen.kt:134)
	at org.jetbrains.kotlin.ir.expressions.IrWhen.accept(IrWhen.kt:24)
	at org.jetbrains.kotlin.backend.jvm.codegen.ExpressionCodegen.visitStatementContainer(ExpressionCodegen.kt:524)
	at org.jetbrains.kotlin.backend.jvm.codegen.ExpressionCodegen.visitContainerExpression(ExpressionCodegen.kt:538)


